<?xml version="1.0" encoding="UTF-8"?>
<testsuite name="inge2.dataflow.TallerTest" tests="7" skipped="0" failures="0" errors="0" timestamp="2024-09-02T23:09:11" hostname="archlinux" time="0.709">
  <properties/>
  <testcase name="testTarget1()" classname="inge2.dataflow.TallerTest" time="0.32"/>
  <testcase name="testTarget2()" classname="inge2.dataflow.TallerTest" time="0.116"/>
  <testcase name="testTarget3()" classname="inge2.dataflow.TallerTest" time="0.064"/>
  <testcase name="testTarget4()" classname="inge2.dataflow.TallerTest" time="0.076"/>
  <testcase name="testTarget5()" classname="inge2.dataflow.TallerTest" time="0.057"/>
  <testcase name="testTarget6()" classname="inge2.dataflow.TallerTest" time="0.069"/>
  <testcase name="testUnionPTG()" classname="inge2.dataflow.TallerTest" time="0.002"/>
  <system-out><![CDATA[Soot started on Mon Sep 02 20:09:11 ART 2024
Soot finished on Mon Sep 02 20:09:11 ART 2024
Soot has run for 0 min. 0 sec.
Soot started on Mon Sep 02 20:09:11 ART 2024
Soot finished on Mon Sep 02 20:09:11 ART 2024
Soot has run for 0 min. 0 sec.
Soot started on Mon Sep 02 20:09:11 ART 2024
Soot finished on Mon Sep 02 20:09:11 ART 2024
Soot has run for 0 min. 0 sec.
Soot started on Mon Sep 02 20:09:11 ART 2024
Soot finished on Mon Sep 02 20:09:11 ART 2024
Soot has run for 0 min. 0 sec.
Soot started on Mon Sep 02 20:09:11 ART 2024
Soot finished on Mon Sep 02 20:09:11 ART 2024
Soot has run for 0 min. 0 sec.
Soot started on Mon Sep 02 20:09:11 ART 2024
Soot finished on Mon Sep 02 20:09:11 ART 2024
Soot has run for 0 min. 0 sec.
]]></system-out>
  <system-err><![CDATA[]]></system-err>
</testsuite>
