<?xml version="1.0" encoding="UTF-8"?>
<testsuite name="org.autotest.generated.RegressionTest13" tests="51" skipped="0" failures="0" errors="0" timestamp="2024-10-02T17:28:03" hostname="archlinux" time="0.052">
  <properties/>
  <testcase name="run()" classname="org.autotest.generated.RegressionTest13" time="0.043"/>
  <testcase name="test0651()" classname="org.autotest.generated.RegressionTest13" time="0.0"/>
  <testcase name="test0652()" classname="org.autotest.generated.RegressionTest13" time="0.0"/>
  <testcase name="test0653()" classname="org.autotest.generated.RegressionTest13" time="0.0"/>
  <testcase name="test0654()" classname="org.autotest.generated.RegressionTest13" time="0.0"/>
  <testcase name="test0655()" classname="org.autotest.generated.RegressionTest13" time="0.0"/>
  <testcase name="test0656()" classname="org.autotest.generated.RegressionTest13" time="0.0"/>
  <testcase name="test0657()" classname="org.autotest.generated.RegressionTest13" time="0.0"/>
  <testcase name="test0658()" classname="org.autotest.generated.RegressionTest13" time="0.0"/>
  <testcase name="test0659()" classname="org.autotest.generated.RegressionTest13" time="0.0"/>
  <testcase name="test0660()" classname="org.autotest.generated.RegressionTest13" time="0.0"/>
  <testcase name="test0661()" classname="org.autotest.generated.RegressionTest13" time="0.0"/>
  <testcase name="test0662()" classname="org.autotest.generated.RegressionTest13" time="0.0"/>
  <testcase name="test0663()" classname="org.autotest.generated.RegressionTest13" time="0.0"/>
  <testcase name="test0664()" classname="org.autotest.generated.RegressionTest13" time="0.0"/>
  <testcase name="test0665()" classname="org.autotest.generated.RegressionTest13" time="0.0"/>
  <testcase name="test0666()" classname="org.autotest.generated.RegressionTest13" time="0.0"/>
  <testcase name="test0667()" classname="org.autotest.generated.RegressionTest13" time="0.0"/>
  <testcase name="test0668()" classname="org.autotest.generated.RegressionTest13" time="0.0"/>
  <testcase name="test0669()" classname="org.autotest.generated.RegressionTest13" time="0.0"/>
  <testcase name="test0670()" classname="org.autotest.generated.RegressionTest13" time="0.0"/>
  <testcase name="test0671()" classname="org.autotest.generated.RegressionTest13" time="0.0"/>
  <testcase name="test0672()" classname="org.autotest.generated.RegressionTest13" time="0.0"/>
  <testcase name="test0673()" classname="org.autotest.generated.RegressionTest13" time="0.0"/>
  <testcase name="test0674()" classname="org.autotest.generated.RegressionTest13" time="0.0"/>
  <testcase name="test0675()" classname="org.autotest.generated.RegressionTest13" time="0.0"/>
  <testcase name="test0676()" classname="org.autotest.generated.RegressionTest13" time="0.0"/>
  <testcase name="test0677()" classname="org.autotest.generated.RegressionTest13" time="0.0"/>
  <testcase name="test0678()" classname="org.autotest.generated.RegressionTest13" time="0.0"/>
  <testcase name="test0679()" classname="org.autotest.generated.RegressionTest13" time="0.0"/>
  <testcase name="test0680()" classname="org.autotest.generated.RegressionTest13" time="0.0"/>
  <testcase name="test0681()" classname="org.autotest.generated.RegressionTest13" time="0.0"/>
  <testcase name="test0682()" classname="org.autotest.generated.RegressionTest13" time="0.0"/>
  <testcase name="test0683()" classname="org.autotest.generated.RegressionTest13" time="0.0"/>
  <testcase name="test0684()" classname="org.autotest.generated.RegressionTest13" time="0.0"/>
  <testcase name="test0685()" classname="org.autotest.generated.RegressionTest13" time="0.001"/>
  <testcase name="test0686()" classname="org.autotest.generated.RegressionTest13" time="0.0"/>
  <testcase name="test0687()" classname="org.autotest.generated.RegressionTest13" time="0.0"/>
  <testcase name="test0688()" classname="org.autotest.generated.RegressionTest13" time="0.0"/>
  <testcase name="test0689()" classname="org.autotest.generated.RegressionTest13" time="0.0"/>
  <testcase name="test0690()" classname="org.autotest.generated.RegressionTest13" time="0.001"/>
  <testcase name="test0691()" classname="org.autotest.generated.RegressionTest13" time="0.0"/>
  <testcase name="test0692()" classname="org.autotest.generated.RegressionTest13" time="0.0"/>
  <testcase name="test0693()" classname="org.autotest.generated.RegressionTest13" time="0.0"/>
  <testcase name="test0694()" classname="org.autotest.generated.RegressionTest13" time="0.0"/>
  <testcase name="test0695()" classname="org.autotest.generated.RegressionTest13" time="0.0"/>
  <testcase name="test0696()" classname="org.autotest.generated.RegressionTest13" time="0.0"/>
  <testcase name="test0697()" classname="org.autotest.generated.RegressionTest13" time="0.0"/>
  <testcase name="test0698()" classname="org.autotest.generated.RegressionTest13" time="0.0"/>
  <testcase name="test0699()" classname="org.autotest.generated.RegressionTest13" time="0.0"/>
  <testcase name="test0700()" classname="org.autotest.generated.RegressionTest13" time="0.0"/>
  <system-out><![CDATA[-> Corriendo tests de RegressionTest13 para la clase: StackAr (Stack original)
-> Corriendo tests de RegressionTest13 para la clase: StackArMutated1308 (ZeroConstantMutator: Se reemplazó 1 por 0 en la línea 15.)
   [X] Falló el test test0658 en la línea 433
-> Corriendo tests de RegressionTest13 para la clase: StackArMutated3806 (NegateConditionsMutator: Se reemplazó == por != en la línea 76.)
   [X] Falló el test test0658 en la línea 433
-> Corriendo tests de RegressionTest13 para la clase: StackArMutated9553 (EmptyReturnsMutator: Se reemplazó result por 0 en la línea 111.)
-> Corriendo tests de RegressionTest13 para la clase: StackArMutated1229 (MathMutator: Se reemplazó + por - en la línea 109.)
-> Corriendo tests de RegressionTest13 para la clase: StackArMutated6879 (MinusOneConstantMutator: Se reemplazó 0 por -1 en la línea 72.)
   [X] Falló el test test0658 en la línea 497
-> Corriendo tests de RegressionTest13 para la clase: StackArMutated9238 (MinusOneConstantMutator: Se reemplazó 10 por -1 en la línea 11.)
   [X] Falló el test test0671 en la línea 1238
-> Corriendo tests de RegressionTest13 para la clase: StackArMutated5549 (IncrementsMutator: Se reemplazó -- por ++ en la línea 93.)
   [X] Falló el test test0665 en la línea 957
-> Corriendo tests de RegressionTest13 para la clase: StackArMutated6514 (TrueReturnsMutator: Se reemplazó size() == 0 por true en la línea 72.)
   [X] Falló el test test0658 en la línea 452
-> Corriendo tests de RegressionTest13 para la clase: StackArMutated3403 (TrueConditionalsMutator: Se reemplazó obj == null por true en la línea 118.)
   [X] Falló el test test0658 en la línea 503
-> Corriendo tests de RegressionTest13 para la clase: StackArMutated8504 (OneConstantMutator: Se reemplazó 0 por 1 en la línea 22.)
-> Corriendo tests de RegressionTest13 para la clase: StackArMutated4104 (ZeroConstantMutator: Se reemplazó 1 por 0 en la línea 108.)
-> Corriendo tests de RegressionTest13 para la clase: StackArMutated1474 (NegateConditionsMutator: Se reemplazó != por == en la línea 125.)
   [X] Falló el test test0658 en la línea 503
-> Corriendo tests de RegressionTest13 para la clase: StackArMutated8304 (FalseReturnsMutator: Se reemplazó size() == 0 por false en la línea 72.)
   [X] Falló el test test0658 en la línea 497
-> Corriendo tests de RegressionTest13 para la clase: StackArMutated4147 (TrueReturnsMutator: Se reemplazó false por true en la línea 119.)
   [X] Falló el test test0658 en la línea 492
-> Corriendo tests de RegressionTest13 para la clase: StackArMutated6563 (FalseConditionalsMutator: Se reemplazó capacity < 0 por false en la línea 22.)
-> Corriendo tests de RegressionTest13 para la clase: StackArMutated3011 (ConditionalsBoundaryMutator: Se reemplazó > por >= en la línea 135.)
   [X] Falló el test test0658 en la línea 515
-> Corriendo tests de RegressionTest13 para la clase: StackArMutated8221 (ZeroConstantMutator: Se reemplazó 1 por 0 en la línea 68.)
   [X] Falló el test test0658 en la línea 452
-> Corriendo tests de RegressionTest13 para la clase: StackArMutated5150 (FalseConditionalsMutator: Se reemplazó !java.util.Arrays.equals(elems, other.elems) por false en la línea 123.)
   [X] Falló el test test0658 en la línea 526
-> Corriendo tests de RegressionTest13 para la clase: StackArMutated68 (MinusOneConstantMutator: Se reemplazó 0 por -1 en la línea 135.)
   [X] Falló el test test0658 en la línea 515
-> Corriendo tests de RegressionTest13 para la clase: StackArMutated9323 (FalseReturnsMutator: Se reemplazó size() == elems.length por false en la línea 76.)
   [X] Falló el test test0656 en la línea 376
-> Corriendo tests de RegressionTest13 para la clase: StackArMutated3936 (NegateConditionsMutator: Se reemplazó != por == en la línea 120.)
   [X] Falló el test test0658 en la línea 431
-> Corriendo tests de RegressionTest13 para la clase: StackArMutated5757 (FalseConditionalsMutator: Se reemplazó this == obj por false en la línea 116.)
-> Corriendo tests de RegressionTest13 para la clase: StackArMutated3699 (TrueConditionalsMutator: Se reemplazó !java.util.Arrays.equals(elems, other.elems) por true en la línea 123.)
   [X] Falló el test test0658 en la línea 503
-> Corriendo tests de RegressionTest13 para la clase: StackArMutated2842 (NullReturnsMutator: Se reemplazó rv por null en la línea 94.)
   [X] Falló el test test0658 en la línea 514
-> Corriendo tests de RegressionTest13 para la clase: StackArMutated1797 (TrueReturnsMutator: Se reemplazó false por true en la línea 126.)
-> Corriendo tests de RegressionTest13 para la clase: StackArMutated2601 (OneConstantMutator: Se reemplazó 0 por 1 en la línea 135.)
   [X] Falló el test test0682 en la línea 2064
-> Corriendo tests de RegressionTest13 para la clase: StackArMutated8868 (ZeroConstantMutator: Se reemplazó 31 por 0 en la línea 107.)
-> Corriendo tests de RegressionTest13 para la clase: StackArMutated8438 (MathMutator: Se reemplazó * por / en la línea 109.)
-> Corriendo tests de RegressionTest13 para la clase: StackArMutated4597 (MathMutator: Se reemplazó + por - en la línea 110.)
-> Corriendo tests de RegressionTest13 para la clase: StackArMutated2255 (FalseConditionalsMutator: Se reemplazó isEmpty() por false en la línea 88.)
-> Corriendo tests de RegressionTest13 para la clase: StackArMutated3301 (FalseConditionalsMutator: Se reemplazó isFull() por false en la línea 80.)
   [X] Falló el test test0659 en la línea 594
-> Corriendo tests de RegressionTest13 para la clase: StackArMutated5048 (FalseConditionalsMutator: Se reemplazó getClass() != obj.getClass() por false en la línea 120.)
   [X] Falló el test test0658 en la línea 431
-> Corriendo tests de RegressionTest13 para la clase: StackArMutated1640 (TrueConditionalsMutator: Se reemplazó this == obj por true en la línea 116.)
   [X] Falló el test test0658 en la línea 492
-> Corriendo tests de RegressionTest13 para la clase: StackArMutated8357 (TrueConditionalsMutator: Se reemplazó capacity < 0 por true en la línea 22.)
   [X] Falló el test test0658 en la línea 416
-> Corriendo tests de RegressionTest13 para la clase: StackArMutated100 (OneConstantMutator: Se reemplazó 0 por 1 en la línea 72.)
   [X] Falló el test test0658 en la línea 452
-> Corriendo tests de RegressionTest13 para la clase: StackArMutated8598 (OneConstantMutator: Se reemplazó 31 por 1 en la línea 107.)
-> Corriendo tests de RegressionTest13 para la clase: StackArMutated8310 (MathMutator: Se reemplazó + por - en la línea 68.)
   [X] Falló el test test0658 en la línea 494
-> Corriendo tests de RegressionTest13 para la clase: StackArMutated79 (TrueConditionalsMutator: Se reemplazó getClass() != obj.getClass() por true en la línea 120.)
   [X] Falló el test test0658 en la línea 503
-> Corriendo tests de RegressionTest13 para la clase: StackArMutated1969 (TrueConditionalsMutator: Se reemplazó isEmpty() por true en la línea 88.)
   [X] Falló el test test0658 en la línea 454
-> Corriendo tests de RegressionTest13 para la clase: StackArMutated5806 (TrueConditionalsMutator: Se reemplazó isFull() por true en la línea 80.)
   [X] Falló el test test0658 en la línea 433
-> Corriendo tests de RegressionTest13 para la clase: StackArMutated1647 (EmptyReturnsMutator: Se reemplazó readIndex + 1 por 0 en la línea 68.)
   [X] Falló el test test0658 en la línea 452
-> Corriendo tests de RegressionTest13 para la clase: StackArMutated4678 (TrueReturnsMutator: Se reemplazó false por true en la línea 124.)
   [X] Falló el test test0658 en la línea 508
-> Corriendo tests de RegressionTest13 para la clase: StackArMutated7868 (TrueConditionalsMutator: Se reemplazó readIndex != other.readIndex por true en la línea 125.)
   [X] Falló el test test0658 en la línea 503
-> Corriendo tests de RegressionTest13 para la clase: StackArMutated6855 (MinusOneConstantMutator: Se reemplazó 1 por -1 en la línea 68.)
   [X] Falló el test test0658 en la línea 494
-> Corriendo tests de RegressionTest13 para la clase: StackArMutated9934 (MinusOneConstantMutator: Se reemplazó 0 por -1 en la línea 22.)
-> Corriendo tests de RegressionTest13 para la clase: StackArMutated8328 (NegateConditionsMutator: Se reemplazó <= por > en la línea 134.)
   [X] Falló el test test0658 en la línea 432
-> Corriendo tests de RegressionTest13 para la clase: StackArMutated1296 (ZeroConstantMutator: Se reemplazó 10 por 0 en la línea 11.)
   [X] Falló el test test0663 en la línea 878
-> Corriendo tests de RegressionTest13 para la clase: StackArMutated775 (IncrementsMutator: Se reemplazó ++ por -- en la línea 83.)
   [X] Falló el test test0658 en la línea 433
-> Corriendo tests de RegressionTest13 para la clase: StackArMutated1494 (MinusOneConstantMutator: Se reemplazó 0 por -1 en la línea 134.)
   [X] Falló el test test0658 en la línea 432
-> Corriendo tests de RegressionTest13 para la clase: StackArMutated6029 (MathMutator: Se reemplazó * por / en la línea 110.)
-> Corriendo tests de RegressionTest13 para la clase: StackArMutated411 (MinusOneConstantMutator: Se reemplazó 31 por -1 en la línea 107.)
-> Corriendo tests de RegressionTest13 para la clase: StackArMutated6466 (FalseConditionalsMutator: Se reemplazó readIndex != other.readIndex por false en la línea 125.)
-> Corriendo tests de RegressionTest13 para la clase: StackArMutated3873 (TrueConditionalsMutator: Se reemplazó i > 0 por true en la línea 135.)
   [X] Falló el test test0658 en la línea 515
-> Corriendo tests de RegressionTest13 para la clase: StackArMutated6422 (NegateConditionsMutator: Se reemplazó < por >= en la línea 22.)
   [X] Falló el test test0658 en la línea 416
-> Corriendo tests de RegressionTest13 para la clase: StackArMutated8325 (NegateConditionsMutator: Se reemplazó == por != en la línea 118.)
   [X] Falló el test test0658 en la línea 419
-> Corriendo tests de RegressionTest13 para la clase: StackArMutated4488 (NegateConditionsMutator: Se reemplazó == por != en la línea 72.)
   [X] Falló el test test0658 en la línea 452
-> Corriendo tests de RegressionTest13 para la clase: StackArMutated5210 (NullReturnsMutator: Se reemplazó rv por null en la línea 102.)
   [X] Falló el test test0658 en la línea 513
-> Corriendo tests de RegressionTest13 para la clase: StackArMutated7114 (ConditionalsBoundaryMutator: Se reemplazó < por <= en la línea 22.)
-> Corriendo tests de RegressionTest13 para la clase: StackArMutated7310 (IncrementsMutator: Se reemplazó ++ por -- en la línea 134.)
   [X] Falló el test test0658 en la línea 515
-> Corriendo tests de RegressionTest13 para la clase: StackArMutated2185 (NegateConditionsMutator: Se reemplazó == por != en la línea 116.)
   [X] Falló el test test0658 en la línea 492
-> Corriendo tests de RegressionTest13 para la clase: StackArMutated8163 (MinusOneConstantMutator: Se reemplazó 1 por -1 en la línea 108.)
-> Corriendo tests de RegressionTest13 para la clase: StackArMutated4369 (TrueReturnsMutator: Se reemplazó size() == elems.length por true en la línea 76.)
   [X] Falló el test test0658 en la línea 433
-> Corriendo tests de RegressionTest13 para la clase: StackArMutated3599 (OneConstantMutator: Se reemplazó 0 por 1 en la línea 134.)
   [X] Falló el test test0658 en la línea 515
-> Corriendo tests de RegressionTest13 para la clase: StackArMutated7517 (FalseReturnsMutator: Se reemplazó true por false en la línea 127.)
   [X] Falló el test test0658 en la línea 503
-> Corriendo tests de RegressionTest13 para la clase: StackArMutated4327 (FalseReturnsMutator: Se reemplazó true por false en la línea 117.)
-> Corriendo tests de RegressionTest13 para la clase: StackArMutated3359 (TrueReturnsMutator: Se reemplazó false por true en la línea 121.)
   [X] Falló el test test0658 en la línea 501
-> Corriendo tests de RegressionTest13 para la clase: StackArMutated6238 (EmptyReturnsMutator: Se reemplazó b.toString() por "" en la línea 143.)
   [X] Falló el test test0658 en la línea 502
-> Corriendo tests de RegressionTest13 para la clase: StackArMutated5666 (FalseConditionalsMutator: Se reemplazó isEmpty() por false en la línea 98.)
   [X] Falló el test test0665 en la línea 957
-> Corriendo tests de RegressionTest13 para la clase: StackArMutated1101 (OneConstantMutator: Se reemplazó 10 por 1 en la línea 11.)
-> Corriendo tests de RegressionTest13 para la clase: StackArMutated2271 (FalseConditionalsMutator: Se reemplazó obj == null por false en la línea 118.)
   [X] Falló el test test0658 en la línea 419
-> Corriendo tests de RegressionTest13 para la clase: StackArMutated2593 (ConditionalsBoundaryMutator: Se reemplazó <= por < en la línea 134.)
   [X] Falló el test test0658 en la línea 515
-> Corriendo tests de RegressionTest13 para la clase: StackArMutated4176 (TrueConditionalsMutator: Se reemplazó isEmpty() por true en la línea 98.)
   [X] Falló el test test0658 en la línea 452
-> Corriendo tests de RegressionTest13 para la clase: StackArMutated6073 (NegateConditionsMutator: Se reemplazó > por <= en la línea 135.)
   [X] Falló el test test0658 en la línea 515
-> Corriendo tests de RegressionTest13 para la clase: StackArMutated404 (FalseConditionalsMutator: Se reemplazó i > 0 por false en la línea 135.)
   [X] Falló el test test0682 en la línea 2064
-> Mutantes generados: 74
-> Mutantes eliminados: 54
    - StackArMutated3359 (TrueReturnsMutator: Se reemplazó false por true en la línea 121.)
    - StackArMutated7517 (FalseReturnsMutator: Se reemplazó true por false en la línea 127.)
    - StackArMutated8328 (NegateConditionsMutator: Se reemplazó <= por > en la línea 134.)
    - StackArMutated1296 (ZeroConstantMutator: Se reemplazó 10 por 0 en la línea 11.)
    - StackArMutated1494 (MinusOneConstantMutator: Se reemplazó 0 por -1 en la línea 134.)
    - StackArMutated4488 (NegateConditionsMutator: Se reemplazó == por != en la línea 72.)
    - StackArMutated2185 (NegateConditionsMutator: Se reemplazó == por != en la línea 116.)
    - StackArMutated4369 (TrueReturnsMutator: Se reemplazó size() == elems.length por true en la línea 76.)
    - StackArMutated3599 (OneConstantMutator: Se reemplazó 0 por 1 en la línea 134.)
    - StackArMutated3873 (TrueConditionalsMutator: Se reemplazó i > 0 por true en la línea 135.)
    - StackArMutated8325 (NegateConditionsMutator: Se reemplazó == por != en la línea 118.)
    - StackArMutated5210 (NullReturnsMutator: Se reemplazó rv por null en la línea 102.)
    - StackArMutated7310 (IncrementsMutator: Se reemplazó ++ por -- en la línea 134.)
    - StackArMutated6422 (NegateConditionsMutator: Se reemplazó < por >= en la línea 22.)
    - StackArMutated2271 (FalseConditionalsMutator: Se reemplazó obj == null por false en la línea 118.)
    - StackArMutated6073 (NegateConditionsMutator: Se reemplazó > por <= en la línea 135.)
    - StackArMutated5806 (TrueConditionalsMutator: Se reemplazó isFull() por true en la línea 80.)
    - StackArMutated4678 (TrueReturnsMutator: Se reemplazó false por true en la línea 124.)
    - StackArMutated7868 (TrueConditionalsMutator: Se reemplazó readIndex != other.readIndex por true en la línea 125.)
    - StackArMutated1647 (EmptyReturnsMutator: Se reemplazó readIndex + 1 por 0 en la línea 68.)
    - StackArMutated5048 (FalseConditionalsMutator: Se reemplazó getClass() != obj.getClass() por false en la línea 120.)
    - StackArMutated6855 (MinusOneConstantMutator: Se reemplazó 1 por -1 en la línea 68.)
    - StackArMutated1640 (TrueConditionalsMutator: Se reemplazó this == obj por true en la línea 116.)
    - StackArMutated8357 (TrueConditionalsMutator: Se reemplazó capacity < 0 por true en la línea 22.)
    - StackArMutated3301 (FalseConditionalsMutator: Se reemplazó isFull() por false en la línea 80.)
    - StackArMutated9323 (FalseReturnsMutator: Se reemplazó size() == elems.length por false en la línea 76.)
    - StackArMutated404 (FalseConditionalsMutator: Se reemplazó i > 0 por false en la línea 135.)
    - StackArMutated1969 (TrueConditionalsMutator: Se reemplazó isEmpty() por true en la línea 88.)
    - StackArMutated68 (MinusOneConstantMutator: Se reemplazó 0 por -1 en la línea 135.)
    - StackArMutated2601 (OneConstantMutator: Se reemplazó 0 por 1 en la línea 135.)
    - StackArMutated2842 (NullReturnsMutator: Se reemplazó rv por null en la línea 94.)
    - StackArMutated3699 (TrueConditionalsMutator: Se reemplazó !java.util.Arrays.equals(elems, other.elems) por true en la línea 123.)
    - StackArMutated3936 (NegateConditionsMutator: Se reemplazó != por == en la línea 120.)
    - StackArMutated4147 (TrueReturnsMutator: Se reemplazó false por true en la línea 119.)
    - StackArMutated3011 (ConditionalsBoundaryMutator: Se reemplazó > por >= en la línea 135.)
    - StackArMutated8304 (FalseReturnsMutator: Se reemplazó size() == 0 por false en la línea 72.)
    - StackArMutated775 (IncrementsMutator: Se reemplazó ++ por -- en la línea 83.)
    - StackArMutated9238 (MinusOneConstantMutator: Se reemplazó 10 por -1 en la línea 11.)
    - StackArMutated1474 (NegateConditionsMutator: Se reemplazó != por == en la línea 125.)
    - StackArMutated8310 (MathMutator: Se reemplazó + por - en la línea 68.)
    - StackArMutated79 (TrueConditionalsMutator: Se reemplazó getClass() != obj.getClass() por true en la línea 120.)
    - StackArMutated3403 (TrueConditionalsMutator: Se reemplazó obj == null por true en la línea 118.)
    - StackArMutated6879 (MinusOneConstantMutator: Se reemplazó 0 por -1 en la línea 72.)
    - StackArMutated1308 (ZeroConstantMutator: Se reemplazó 1 por 0 en la línea 15.)
    - StackArMutated5549 (IncrementsMutator: Se reemplazó -- por ++ en la línea 93.)
    - StackArMutated2593 (ConditionalsBoundaryMutator: Se reemplazó <= por < en la línea 134.)
    - StackArMutated6514 (TrueReturnsMutator: Se reemplazó size() == 0 por true en la línea 72.)
    - StackArMutated5666 (FalseConditionalsMutator: Se reemplazó isEmpty() por false en la línea 98.)
    - StackArMutated6238 (EmptyReturnsMutator: Se reemplazó b.toString() por "" en la línea 143.)
    - StackArMutated4176 (TrueConditionalsMutator: Se reemplazó isEmpty() por true en la línea 98.)
    - StackArMutated8221 (ZeroConstantMutator: Se reemplazó 1 por 0 en la línea 68.)
    - StackArMutated5150 (FalseConditionalsMutator: Se reemplazó !java.util.Arrays.equals(elems, other.elems) por false en la línea 123.)
    - StackArMutated100 (OneConstantMutator: Se reemplazó 0 por 1 en la línea 72.)
    - StackArMutated3806 (NegateConditionsMutator: Se reemplazó == por != en la línea 76.)
-> Mutantes vivos: 20
    - StackArMutated4327 (FalseReturnsMutator: Se reemplazó true por false en la línea 117.)
    - StackArMutated9934 (MinusOneConstantMutator: Se reemplazó 0 por -1 en la línea 22.)
    - StackArMutated6029 (MathMutator: Se reemplazó * por / en la línea 110.)
    - StackArMutated6466 (FalseConditionalsMutator: Se reemplazó readIndex != other.readIndex por false en la línea 125.)
    - StackArMutated7114 (ConditionalsBoundaryMutator: Se reemplazó < por <= en la línea 22.)
    - StackArMutated8438 (MathMutator: Se reemplazó * por / en la línea 109.)
    - StackArMutated4597 (MathMutator: Se reemplazó + por - en la línea 110.)
    - StackArMutated2255 (FalseConditionalsMutator: Se reemplazó isEmpty() por false en la línea 88.)
    - StackArMutated8598 (OneConstantMutator: Se reemplazó 31 por 1 en la línea 107.)
    - StackArMutated8163 (MinusOneConstantMutator: Se reemplazó 1 por -1 en la línea 108.)
    - StackArMutated1797 (TrueReturnsMutator: Se reemplazó false por true en la línea 126.)
    - StackArMutated5757 (FalseConditionalsMutator: Se reemplazó this == obj por false en la línea 116.)
    - StackArMutated8504 (OneConstantMutator: Se reemplazó 0 por 1 en la línea 22.)
    - StackArMutated8868 (ZeroConstantMutator: Se reemplazó 31 por 0 en la línea 107.)
    - StackArMutated4104 (ZeroConstantMutator: Se reemplazó 1 por 0 en la línea 108.)
    - StackArMutated6563 (FalseConditionalsMutator: Se reemplazó capacity < 0 por false en la línea 22.)
    - StackArMutated411 (MinusOneConstantMutator: Se reemplazó 31 por -1 en la línea 107.)
    - StackArMutated1229 (MathMutator: Se reemplazó + por - en la línea 109.)
    - StackArMutated1101 (OneConstantMutator: Se reemplazó 10 por 1 en la línea 11.)
    - StackArMutated9553 (EmptyReturnsMutator: Se reemplazó result por 0 en la línea 111.)
-> Mutation score: 72%
]]></system-out>
  <system-err><![CDATA[[Test worker] INFO org.reflections.Reflections - Reflections took 4 ms to scan 1 urls, producing 1 keys and 74 values
]]></system-err>
</testsuite>
