<?xml version="1.0" encoding="UTF-8"?>
<testsuite name="org.autotest.StackTests2" tests="1" skipped="0" failures="0" errors="0" timestamp="2024-09-30T23:11:28" hostname="debian.archlinux" time="0.064">
  <properties/>
  <testcase name="run()" classname="org.autotest.StackTests2" time="0.064"/>
  <system-out><![CDATA[-> Corriendo tests de StackTests2 para la clase: StackAr (Stack original)
-> Corriendo tests de StackTests2 para la clase: StackArMutated19 (MathMutator: Se reemplaz? * por / en la l?nea 89.)
-> Corriendo tests de StackTests2 para la clase: StackArMutated9794 (EmptyReturnsMutator: Se reemplaz? b.toString() por "" en la l?nea 123.)
   [X] Fall?? el test testToStringMethod en la l??nea 53
-> Corriendo tests de StackTests2 para la clase: StackArMutated4618 (TrueConditionalsMutator: Se reemplaz? i > 0 por true en la l?nea 115.)
   [X] Fall?? el test testToStringMethod en la l??nea 55
-> Corriendo tests de StackTests2 para la clase: StackArMutated4974 (MinusOneConstantMutator: Se reemplaz? 0 por -1 en la l?nea 115.)
   [X] Fall?? el test testToStringMethod en la l??nea 55
-> Corriendo tests de StackTests2 para la clase: StackArMutated9713 (TrueConditionalsMutator: Se reemplaz? getClass() != obj.getClass() por true en la l?nea 100.)
-> Corriendo tests de StackTests2 para la clase: StackArMutated676 (OneConstantMutator: Se reemplaz? 0 por 1 en la l?nea 114.)
   [X] Fall?? el test testToStringMethod en la l??nea 55
-> Corriendo tests de StackTests2 para la clase: StackArMutated3376 (NegateConditionsMutator: Se reemplaz? != por == en la l?nea 100.)
-> Corriendo tests de StackTests2 para la clase: StackArMutated1550 (TrueReturnsMutator: Se reemplaz? size() == 0 por true en la l?nea 53.)
   [X] Fall?? el test testIsFullMethod en la l??nea 47
-> Corriendo tests de StackTests2 para la clase: StackArMutated7656 (FalseConditionalsMutator: Se reemplaz? readIndex != other.readIndex por false en la l?nea 105.)
-> Corriendo tests de StackTests2 para la clase: StackArMutated8228 (ZeroConstantMutator: Se reemplaz? 1 por 0 en la l?nea 49.)
   [X] Fall?? el test testSizeIncreasesByOne en la l??nea 13
-> Corriendo tests de StackTests2 para la clase: StackArMutated7777 (ConditionalsBoundaryMutator: Se reemplaz? > por >= en la l?nea 115.)
   [X] Fall?? el test testToStringMethod en la l??nea 55
-> Corriendo tests de StackTests2 para la clase: StackArMutated4222 (ConditionalsBoundaryMutator: Se reemplaz? < por <= en la l?nea 19.)
-> Corriendo tests de StackTests2 para la clase: StackArMutated8623 (TrueConditionalsMutator: Se reemplaz? this == obj por true en la l?nea 96.)
-> Corriendo tests de StackTests2 para la clase: StackArMutated4423 (FalseConditionalsMutator: Se reemplaz? !java.util.Arrays.equals(elems, other.elems) por false en la l?nea 103.)
-> Corriendo tests de StackTests2 para la clase: StackArMutated6323 (OneConstantMutator: Se reemplaz? 0 por 1 en la l?nea 53.)
   [X] Fall?? el test testDefaultConstructor en la l??nea 20
-> Corriendo tests de StackTests2 para la clase: StackArMutated5430 (MinusOneConstantMutator: Se reemplaz? 31 por -1 en la l?nea 87.)
-> Corriendo tests de StackTests2 para la clase: StackArMutated7378 (TrueReturnsMutator: Se reemplaz? false por true en la l?nea 104.)
-> Corriendo tests de StackTests2 para la clase: StackArMutated8741 (TrueConditionalsMutator: Se reemplaz? !java.util.Arrays.equals(elems, other.elems) por true en la l?nea 103.)
-> Corriendo tests de StackTests2 para la clase: StackArMutated5431 (EmptyReturnsMutator: Se reemplaz? result por 0 en la l?nea 91.)
-> Corriendo tests de StackTests2 para la clase: StackArMutated6003 (MinusOneConstantMutator: Se reemplaz? 1 por -1 en la l?nea 49.)
   [X] Fall?? el test testSizeIncreasesByOne en la l??nea 13
-> Corriendo tests de StackTests2 para la clase: StackArMutated2680 (FalseConditionalsMutator: Se reemplaz? capacity < 0 por false en la l?nea 19.)
   [X] Fall?? el test testConstructorWithNegativeCapacity en la l??nea 28
-> Corriendo tests de StackTests2 para la clase: StackArMutated7292 (FalseReturnsMutator: Se reemplaz? true por false en la l?nea 97.)
-> Corriendo tests de StackTests2 para la clase: StackArMutated3339 (OneConstantMutator: Se reemplaz? 31 por 1 en la l?nea 87.)
-> Corriendo tests de StackTests2 para la clase: StackArMutated3933 (FalseConditionalsMutator: Se reemplaz? isEmpty() por false en la l?nea 69.)
-> Corriendo tests de StackTests2 para la clase: StackArMutated1713 (ConditionalsBoundaryMutator: Se reemplaz? <= por < en la l?nea 114.)
   [X] Fall?? el test testToStringMethod en la l??nea 55
-> Corriendo tests de StackTests2 para la clase: StackArMutated5912 (EmptyReturnsMutator: Se reemplaz? readIndex + 1 por 0 en la l?nea 49.)
   [X] Fall?? el test testSizeIncreasesByOne en la l??nea 15
-> Corriendo tests de StackTests2 para la clase: StackArMutated9767 (FalseConditionalsMutator: Se reemplaz? isFull() por false en la l?nea 61.)
-> Corriendo tests de StackTests2 para la clase: StackArMutated4702 (FalseConditionalsMutator: Se reemplaz? i > 0 por false en la l?nea 115.)
   [X] Fall?? el test testToStringMethod en la l??nea 57
-> Corriendo tests de StackTests2 para la clase: StackArMutated5557 (MinusOneConstantMutator: Se reemplaz? 0 por -1 en la l?nea 19.)
   [X] Fall?? el test testConstructorWithNegativeCapacity en la l??nea 28
-> Corriendo tests de StackTests2 para la clase: StackArMutated5635 (ZeroConstantMutator: Se reemplaz? 1 por 0 en la l?nea 12.)
   [X] Fall?? el test testSizeIncreasesByOne en la l??nea 13
-> Corriendo tests de StackTests2 para la clase: StackArMutated8999 (NegateConditionsMutator: Se reemplaz? == por != en la l?nea 53.)
   [X] Fall?? el test testDefaultConstructor en la l??nea 20
-> Corriendo tests de StackTests2 para la clase: StackArMutated5369 (ZeroConstantMutator: Se reemplaz? 10 por 0 en la l?nea 8.)
   [X] Fall?? el test testSizeIncreasesByOne en la l??nea 14
-> Corriendo tests de StackTests2 para la clase: StackArMutated2254 (IncrementsMutator: Se reemplaz? ++ por -- en la l?nea 114.)
   [X] Fall?? el test testToStringMethod en la l??nea 55
-> Corriendo tests de StackTests2 para la clase: StackArMutated8997 (MathMutator: Se reemplaz? + por - en la l?nea 90.)
-> Corriendo tests de StackTests2 para la clase: StackArMutated7500 (MinusOneConstantMutator: Se reemplaz? 0 por -1 en la l?nea 114.)
   [X] Fall?? el test testToStringMethod en la l??nea 53
-> Corriendo tests de StackTests2 para la clase: StackArMutated7388 (NullReturnsMutator: Se reemplaz? rv por null en la l?nea 82.)
-> Corriendo tests de StackTests2 para la clase: StackArMutated461 (TrueReturnsMutator: Se reemplaz? size() == elems.length por true en la l?nea 57.)
   [X] Fall?? el test testSizeIncreasesByOne en la l??nea 14
-> Corriendo tests de StackTests2 para la clase: StackArMutated8352 (NegateConditionsMutator: Se reemplaz? < por >= en la l?nea 19.)
   [X] Fall?? el test testSizeIncreasesByOne en la l??nea 12
-> Corriendo tests de StackTests2 para la clase: StackArMutated8593 (TrueConditionalsMutator: Se reemplaz? isEmpty() por true en la l?nea 69.)
   [X] Fall?? el test testIsFullMethod en la l??nea 47
-> Corriendo tests de StackTests2 para la clase: StackArMutated1928 (FalseConditionalsMutator: Se reemplaz? getClass() != obj.getClass() por false en la l?nea 100.)
-> Corriendo tests de StackTests2 para la clase: StackArMutated1605 (TrueReturnsMutator: Se reemplaz? false por true en la l?nea 101.)
-> Corriendo tests de StackTests2 para la clase: StackArMutated1400 (ZeroConstantMutator: Se reemplaz? 1 por 0 en la l?nea 88.)
-> Corriendo tests de StackTests2 para la clase: StackArMutated9338 (IncrementsMutator: Se reemplaz? ++ por -- en la l?nea 64.)
   [X] Fall?? el test testSizeIncreasesByOne en la l??nea 14
-> Corriendo tests de StackTests2 para la clase: StackArMutated9218 (TrueConditionalsMutator: Se reemplaz? isEmpty() por true en la l?nea 78.)
   [X] Fall?? el test testIsFullMethod en la l??nea 47
-> Corriendo tests de StackTests2 para la clase: StackArMutated2017 (NegateConditionsMutator: Se reemplaz? == por != en la l?nea 98.)
-> Corriendo tests de StackTests2 para la clase: StackArMutated2216 (MathMutator: Se reemplaz? + por - en la l?nea 49.)
   [X] Fall?? el test testSizeIncreasesByOne en la l??nea 13
-> Corriendo tests de StackTests2 para la clase: StackArMutated851 (OneConstantMutator: Se reemplaz? 0 por 1 en la l?nea 19.)
-> Corriendo tests de StackTests2 para la clase: StackArMutated7513 (TrueConditionalsMutator: Se reemplaz? readIndex != other.readIndex por true en la l?nea 105.)
-> Corriendo tests de StackTests2 para la clase: StackArMutated4640 (NegateConditionsMutator: Se reemplaz? == por != en la l?nea 96.)
-> Corriendo tests de StackTests2 para la clase: StackArMutated1178 (NegateConditionsMutator: Se reemplaz? > por <= en la l?nea 115.)
   [X] Fall?? el test testToStringMethod en la l??nea 55
-> Corriendo tests de StackTests2 para la clase: StackArMutated6302 (FalseConditionalsMutator: Se reemplaz? this == obj por false en la l?nea 96.)
-> Corriendo tests de StackTests2 para la clase: StackArMutated7555 (NegateConditionsMutator: Se reemplaz? == por != en la l?nea 57.)
   [X] Fall?? el test testSizeIncreasesByOne en la l??nea 14
-> Corriendo tests de StackTests2 para la clase: StackArMutated7234 (IncrementsMutator: Se reemplaz? -- por ++ en la l?nea 73.)
   [X] Fall?? el test testIsEmptyMethod en la l??nea 39
-> Corriendo tests de StackTests2 para la clase: StackArMutated4088 (TrueConditionalsMutator: Se reemplaz? obj == null por true en la l?nea 98.)
-> Corriendo tests de StackTests2 para la clase: StackArMutated7150 (NegateConditionsMutator: Se reemplaz? != por == en la l?nea 105.)
-> Corriendo tests de StackTests2 para la clase: StackArMutated1536 (NullReturnsMutator: Se reemplaz? rv por null en la l?nea 74.)
-> Corriendo tests de StackTests2 para la clase: StackArMutated7518 (ZeroConstantMutator: Se reemplaz? 31 por 0 en la l?nea 87.)
-> Corriendo tests de StackTests2 para la clase: StackArMutated3358 (NegateConditionsMutator: Se reemplaz? <= por > en la l?nea 114.)
   [X] Fall?? el test testToStringMethod en la l??nea 53
-> Corriendo tests de StackTests2 para la clase: StackArMutated9900 (MinusOneConstantMutator: Se reemplaz? 1 por -1 en la l?nea 88.)
-> Corriendo tests de StackTests2 para la clase: StackArMutated2942 (OneConstantMutator: Se reemplaz? 0 por 1 en la l?nea 115.)
   [X] Fall?? el test testToStringMethod en la l??nea 57
-> Corriendo tests de StackTests2 para la clase: StackArMutated687 (TrueConditionalsMutator: Se reemplaz? capacity < 0 por true en la l?nea 19.)
   [X] Fall?? el test testSizeIncreasesByOne en la l??nea 12
-> Corriendo tests de StackTests2 para la clase: StackArMutated9737 (OneConstantMutator: Se reemplaz? 10 por 1 en la l?nea 8.)
-> Corriendo tests de StackTests2 para la clase: StackArMutated642 (TrueReturnsMutator: Se reemplaz? false por true en la l?nea 99.)
-> Corriendo tests de StackTests2 para la clase: StackArMutated4775 (FalseConditionalsMutator: Se reemplaz? isEmpty() por false en la l?nea 78.)
-> Corriendo tests de StackTests2 para la clase: StackArMutated5421 (MathMutator: Se reemplaz? * por / en la l?nea 90.)
-> Corriendo tests de StackTests2 para la clase: StackArMutated5223 (MathMutator: Se reemplaz? + por - en la l?nea 89.)
-> Corriendo tests de StackTests2 para la clase: StackArMutated7687 (TrueReturnsMutator: Se reemplaz? false por true en la l?nea 106.)
-> Corriendo tests de StackTests2 para la clase: StackArMutated5266 (MinusOneConstantMutator: Se reemplaz? 10 por -1 en la l?nea 8.)
   [X] Fall?? el test testSizeIncreasesByOne en la l??nea 12
-> Corriendo tests de StackTests2 para la clase: StackArMutated3880 (FalseReturnsMutator: Se reemplaz? size() == 0 por false en la l?nea 53.)
   [X] Fall?? el test testDefaultConstructor en la l??nea 20
-> Corriendo tests de StackTests2 para la clase: StackArMutated5340 (FalseReturnsMutator: Se reemplaz? size() == elems.length por false en la l?nea 57.)
   [X] Fall?? el test testIsFullMethod en la l??nea 46
-> Corriendo tests de StackTests2 para la clase: StackArMutated1064 (MinusOneConstantMutator: Se reemplaz? 0 por -1 en la l?nea 53.)
   [X] Fall?? el test testDefaultConstructor en la l??nea 20
-> Corriendo tests de StackTests2 para la clase: StackArMutated3161 (TrueConditionalsMutator: Se reemplaz? isFull() por true en la l?nea 61.)
   [X] Fall?? el test testSizeIncreasesByOne en la l??nea 14
-> Corriendo tests de StackTests2 para la clase: StackArMutated8173 (FalseConditionalsMutator: Se reemplaz? obj == null por false en la l?nea 98.)
-> Corriendo tests de StackTests2 para la clase: StackArMutated446 (FalseReturnsMutator: Se reemplaz? true por false en la l?nea 107.)
-> Mutantes generados: 74
-> Mutantes eliminados: 36
    - StackArMutated2942 (OneConstantMutator: Se reemplaz? 0 por 1 en la l?nea 115.)
    - StackArMutated3358 (NegateConditionsMutator: Se reemplaz? <= por > en la l?nea 114.)
    - StackArMutated9338 (IncrementsMutator: Se reemplaz? ++ por -- en la l?nea 64.)
    - StackArMutated9218 (TrueConditionalsMutator: Se reemplaz? isEmpty() por true en la l?nea 78.)
    - StackArMutated676 (OneConstantMutator: Se reemplaz? 0 por 1 en la l?nea 114.)
    - StackArMutated1178 (NegateConditionsMutator: Se reemplaz? > por <= en la l?nea 115.)
    - StackArMutated7234 (IncrementsMutator: Se reemplaz? -- por ++ en la l?nea 73.)
    - StackArMutated7555 (NegateConditionsMutator: Se reemplaz? == por != en la l?nea 57.)
    - StackArMutated5340 (FalseReturnsMutator: Se reemplaz? size() == elems.length por false en la l?nea 57.)
    - StackArMutated3161 (TrueConditionalsMutator: Se reemplaz? isFull() por true en la l?nea 61.)
    - StackArMutated2216 (MathMutator: Se reemplaz? + por - en la l?nea 49.)
    - StackArMutated8999 (NegateConditionsMutator: Se reemplaz? == por != en la l?nea 53.)
    - StackArMutated5369 (ZeroConstantMutator: Se reemplaz? 10 por 0 en la l?nea 8.)
    - StackArMutated687 (TrueConditionalsMutator: Se reemplaz? capacity < 0 por true en la l?nea 19.)
    - StackArMutated7500 (MinusOneConstantMutator: Se reemplaz? 0 por -1 en la l?nea 114.)
    - StackArMutated2254 (IncrementsMutator: Se reemplaz? ++ por -- en la l?nea 114.)
    - StackArMutated5635 (ZeroConstantMutator: Se reemplaz? 1 por 0 en la l?nea 12.)
    - StackArMutated5912 (EmptyReturnsMutator: Se reemplaz? readIndex + 1 por 0 en la l?nea 49.)
    - StackArMutated4702 (FalseConditionalsMutator: Se reemplaz? i > 0 por false en la l?nea 115.)
    - StackArMutated1713 (ConditionalsBoundaryMutator: Se reemplaz? <= por < en la l?nea 114.)
    - StackArMutated7777 (ConditionalsBoundaryMutator: Se reemplaz? > por >= en la l?nea 115.)
    - StackArMutated2680 (FalseConditionalsMutator: Se reemplaz? capacity < 0 por false en la l?nea 19.)
    - StackArMutated8228 (ZeroConstantMutator: Se reemplaz? 1 por 0 en la l?nea 49.)
    - StackArMutated5557 (MinusOneConstantMutator: Se reemplaz? 0 por -1 en la l?nea 19.)
    - StackArMutated1550 (TrueReturnsMutator: Se reemplaz? size() == 0 por true en la l?nea 53.)
    - StackArMutated6323 (OneConstantMutator: Se reemplaz? 0 por 1 en la l?nea 53.)
    - StackArMutated6003 (MinusOneConstantMutator: Se reemplaz? 1 por -1 en la l?nea 49.)
    - StackArMutated8593 (TrueConditionalsMutator: Se reemplaz? isEmpty() por true en la l?nea 69.)
    - StackArMutated8352 (NegateConditionsMutator: Se reemplaz? < por >= en la l?nea 19.)
    - StackArMutated4618 (TrueConditionalsMutator: Se reemplaz? i > 0 por true en la l?nea 115.)
    - StackArMutated1064 (MinusOneConstantMutator: Se reemplaz? 0 por -1 en la l?nea 53.)
    - StackArMutated3880 (FalseReturnsMutator: Se reemplaz? size() == 0 por false en la l?nea 53.)
    - StackArMutated4974 (MinusOneConstantMutator: Se reemplaz? 0 por -1 en la l?nea 115.)
    - StackArMutated5266 (MinusOneConstantMutator: Se reemplaz? 10 por -1 en la l?nea 8.)
    - StackArMutated9794 (EmptyReturnsMutator: Se reemplaz? b.toString() por "" en la l?nea 123.)
    - StackArMutated461 (TrueReturnsMutator: Se reemplaz? size() == elems.length por true en la l?nea 57.)
-> Mutantes vivos: 38
    - StackArMutated1536 (NullReturnsMutator: Se reemplaz? rv por null en la l?nea 74.)
    - StackArMutated7518 (ZeroConstantMutator: Se reemplaz? 31 por 0 en la l?nea 87.)
    - StackArMutated7513 (TrueConditionalsMutator: Se reemplaz? readIndex != other.readIndex por true en la l?nea 105.)
    - StackArMutated6302 (FalseConditionalsMutator: Se reemplaz? this == obj por false en la l?nea 96.)
    - StackArMutated9737 (OneConstantMutator: Se reemplaz? 10 por 1 en la l?nea 8.)
    - StackArMutated4088 (TrueConditionalsMutator: Se reemplaz? obj == null por true en la l?nea 98.)
    - StackArMutated4640 (NegateConditionsMutator: Se reemplaz? == por != en la l?nea 96.)
    - StackArMutated8173 (FalseConditionalsMutator: Se reemplaz? obj == null por false en la l?nea 98.)
    - StackArMutated19 (MathMutator: Se reemplaz? * por / en la l?nea 89.)
    - StackArMutated1400 (ZeroConstantMutator: Se reemplaz? 1 por 0 en la l?nea 88.)
    - StackArMutated2017 (NegateConditionsMutator: Se reemplaz? == por != en la l?nea 98.)
    - StackArMutated1605 (TrueReturnsMutator: Se reemplaz? false por true en la l?nea 101.)
    - StackArMutated9767 (FalseConditionalsMutator: Se reemplaz? isFull() por false en la l?nea 61.)
    - StackArMutated8997 (MathMutator: Se reemplaz? + por - en la l?nea 90.)
    - StackArMutated7388 (NullReturnsMutator: Se reemplaz? rv por null en la l?nea 82.)
    - StackArMutated446 (FalseReturnsMutator: Se reemplaz? true por false en la l?nea 107.)
    - StackArMutated642 (TrueReturnsMutator: Se reemplaz? false por true en la l?nea 99.)
    - StackArMutated7150 (NegateConditionsMutator: Se reemplaz? != por == en la l?nea 105.)
    - StackArMutated1928 (FalseConditionalsMutator: Se reemplaz? getClass() != obj.getClass() por false en la l?nea 100.)
    - StackArMutated3339 (OneConstantMutator: Se reemplaz? 31 por 1 en la l?nea 87.)
    - StackArMutated3933 (FalseConditionalsMutator: Se reemplaz? isEmpty() por false en la l?nea 69.)
    - StackArMutated7656 (FalseConditionalsMutator: Se reemplaz? readIndex != other.readIndex por false en la l?nea 105.)
    - StackArMutated8623 (TrueConditionalsMutator: Se reemplaz? this == obj por true en la l?nea 96.)
    - StackArMutated4423 (FalseConditionalsMutator: Se reemplaz? !java.util.Arrays.equals(elems, other.elems) por false en la l?nea 103.)
    - StackArMutated9713 (TrueConditionalsMutator: Se reemplaz? getClass() != obj.getClass() por true en la l?nea 100.)
    - StackArMutated5430 (MinusOneConstantMutator: Se reemplaz? 31 por -1 en la l?nea 87.)
    - StackArMutated5431 (EmptyReturnsMutator: Se reemplaz? result por 0 en la l?nea 91.)
    - StackArMutated3376 (NegateConditionsMutator: Se reemplaz? != por == en la l?nea 100.)
    - StackArMutated4222 (ConditionalsBoundaryMutator: Se reemplaz? < por <= en la l?nea 19.)
    - StackArMutated7378 (TrueReturnsMutator: Se reemplaz? false por true en la l?nea 104.)
    - StackArMutated8741 (TrueConditionalsMutator: Se reemplaz? !java.util.Arrays.equals(elems, other.elems) por true en la l?nea 103.)
    - StackArMutated851 (OneConstantMutator: Se reemplaz? 0 por 1 en la l?nea 19.)
    - StackArMutated4775 (FalseConditionalsMutator: Se reemplaz? isEmpty() por false en la l?nea 78.)
    - StackArMutated9900 (MinusOneConstantMutator: Se reemplaz? 1 por -1 en la l?nea 88.)
    - StackArMutated7687 (TrueReturnsMutator: Se reemplaz? false por true en la l?nea 106.)
    - StackArMutated5421 (MathMutator: Se reemplaz? * por / en la l?nea 90.)
    - StackArMutated5223 (MathMutator: Se reemplaz? + por - en la l?nea 89.)
    - StackArMutated7292 (FalseReturnsMutator: Se reemplaz? true por false en la l?nea 97.)
-> Mutation score: 48%
]]></system-out>
  <system-err><![CDATA[[Test worker] INFO org.reflections.Reflections - Reflections took 22 ms to scan 1 urls, producing 1 keys and 74 values
]]></system-err>
</testsuite>
