<?xml version="1.0" encoding="UTF-8"?>
<testsuite name="org.autotest.generated.RegressionTest0" tests="4" skipped="0" failures="0" errors="0" timestamp="2024-09-30T23:11:28" hostname="debian.archlinux" time="0.008">
  <properties/>
  <testcase name="test1()" classname="org.autotest.generated.RegressionTest0" time="0.001"/>
  <testcase name="test2()" classname="org.autotest.generated.RegressionTest0" time="0.001"/>
  <testcase name="test3()" classname="org.autotest.generated.RegressionTest0" time="0.001"/>
  <testcase name="test4()" classname="org.autotest.generated.RegressionTest0" time="0.002"/>
  <system-out><![CDATA[]]></system-out>
  <system-err><![CDATA[]]></system-err>
</testsuite>
