<?xml version="1.0" encoding="UTF-8"?>
<testsuite name="org.autotest.generated.RegressionTest23" tests="51" skipped="0" failures="0" errors="0" timestamp="2024-10-02T17:28:03" hostname="archlinux" time="0.051">
  <properties/>
  <testcase name="run()" classname="org.autotest.generated.RegressionTest23" time="0.039"/>
  <testcase name="test1151()" classname="org.autotest.generated.RegressionTest23" time="0.0"/>
  <testcase name="test1152()" classname="org.autotest.generated.RegressionTest23" time="0.0"/>
  <testcase name="test1153()" classname="org.autotest.generated.RegressionTest23" time="0.0"/>
  <testcase name="test1154()" classname="org.autotest.generated.RegressionTest23" time="0.0"/>
  <testcase name="test1155()" classname="org.autotest.generated.RegressionTest23" time="0.0"/>
  <testcase name="test1156()" classname="org.autotest.generated.RegressionTest23" time="0.0"/>
  <testcase name="test1157()" classname="org.autotest.generated.RegressionTest23" time="0.0"/>
  <testcase name="test1158()" classname="org.autotest.generated.RegressionTest23" time="0.001"/>
  <testcase name="test1159()" classname="org.autotest.generated.RegressionTest23" time="0.0"/>
  <testcase name="test1160()" classname="org.autotest.generated.RegressionTest23" time="0.0"/>
  <testcase name="test1161()" classname="org.autotest.generated.RegressionTest23" time="0.0"/>
  <testcase name="test1162()" classname="org.autotest.generated.RegressionTest23" time="0.001"/>
  <testcase name="test1163()" classname="org.autotest.generated.RegressionTest23" time="0.0"/>
  <testcase name="test1164()" classname="org.autotest.generated.RegressionTest23" time="0.0"/>
  <testcase name="test1165()" classname="org.autotest.generated.RegressionTest23" time="0.0"/>
  <testcase name="test1166()" classname="org.autotest.generated.RegressionTest23" time="0.001"/>
  <testcase name="test1167()" classname="org.autotest.generated.RegressionTest23" time="0.0"/>
  <testcase name="test1168()" classname="org.autotest.generated.RegressionTest23" time="0.0"/>
  <testcase name="test1169()" classname="org.autotest.generated.RegressionTest23" time="0.0"/>
  <testcase name="test1170()" classname="org.autotest.generated.RegressionTest23" time="0.0"/>
  <testcase name="test1171()" classname="org.autotest.generated.RegressionTest23" time="0.0"/>
  <testcase name="test1172()" classname="org.autotest.generated.RegressionTest23" time="0.0"/>
  <testcase name="test1173()" classname="org.autotest.generated.RegressionTest23" time="0.0"/>
  <testcase name="test1174()" classname="org.autotest.generated.RegressionTest23" time="0.0"/>
  <testcase name="test1175()" classname="org.autotest.generated.RegressionTest23" time="0.0"/>
  <testcase name="test1176()" classname="org.autotest.generated.RegressionTest23" time="0.0"/>
  <testcase name="test1177()" classname="org.autotest.generated.RegressionTest23" time="0.0"/>
  <testcase name="test1178()" classname="org.autotest.generated.RegressionTest23" time="0.0"/>
  <testcase name="test1179()" classname="org.autotest.generated.RegressionTest23" time="0.0"/>
  <testcase name="test1180()" classname="org.autotest.generated.RegressionTest23" time="0.001"/>
  <testcase name="test1181()" classname="org.autotest.generated.RegressionTest23" time="0.0"/>
  <testcase name="test1182()" classname="org.autotest.generated.RegressionTest23" time="0.0"/>
  <testcase name="test1183()" classname="org.autotest.generated.RegressionTest23" time="0.0"/>
  <testcase name="test1184()" classname="org.autotest.generated.RegressionTest23" time="0.0"/>
  <testcase name="test1185()" classname="org.autotest.generated.RegressionTest23" time="0.0"/>
  <testcase name="test1186()" classname="org.autotest.generated.RegressionTest23" time="0.0"/>
  <testcase name="test1187()" classname="org.autotest.generated.RegressionTest23" time="0.001"/>
  <testcase name="test1188()" classname="org.autotest.generated.RegressionTest23" time="0.0"/>
  <testcase name="test1189()" classname="org.autotest.generated.RegressionTest23" time="0.0"/>
  <testcase name="test1190()" classname="org.autotest.generated.RegressionTest23" time="0.0"/>
  <testcase name="test1191()" classname="org.autotest.generated.RegressionTest23" time="0.001"/>
  <testcase name="test1192()" classname="org.autotest.generated.RegressionTest23" time="0.0"/>
  <testcase name="test1193()" classname="org.autotest.generated.RegressionTest23" time="0.0"/>
  <testcase name="test1194()" classname="org.autotest.generated.RegressionTest23" time="0.0"/>
  <testcase name="test1195()" classname="org.autotest.generated.RegressionTest23" time="0.0"/>
  <testcase name="test1196()" classname="org.autotest.generated.RegressionTest23" time="0.001"/>
  <testcase name="test1197()" classname="org.autotest.generated.RegressionTest23" time="0.0"/>
  <testcase name="test1198()" classname="org.autotest.generated.RegressionTest23" time="0.0"/>
  <testcase name="test1199()" classname="org.autotest.generated.RegressionTest23" time="0.0"/>
  <testcase name="test1200()" classname="org.autotest.generated.RegressionTest23" time="0.0"/>
  <system-out><![CDATA[-> Corriendo tests de RegressionTest23 para la clase: StackAr (Stack original)
-> Corriendo tests de RegressionTest23 para la clase: StackArMutated1308 (ZeroConstantMutator: Se reemplazó 1 por 0 en la línea 15.)
   [X] Falló el test test1159 en la línea 457
-> Corriendo tests de RegressionTest23 para la clase: StackArMutated3806 (NegateConditionsMutator: Se reemplazó == por != en la línea 76.)
   [X] Falló el test test1159 en la línea 459
-> Corriendo tests de RegressionTest23 para la clase: StackArMutated9553 (EmptyReturnsMutator: Se reemplazó result por 0 en la línea 111.)
-> Corriendo tests de RegressionTest23 para la clase: StackArMutated1229 (MathMutator: Se reemplazó + por - en la línea 109.)
-> Corriendo tests de RegressionTest23 para la clase: StackArMutated6879 (MinusOneConstantMutator: Se reemplazó 0 por -1 en la línea 72.)
   [X] Falló el test test1159 en la línea 457
-> Corriendo tests de RegressionTest23 para la clase: StackArMutated9238 (MinusOneConstantMutator: Se reemplazó 10 por -1 en la línea 11.)
   [X] Falló el test test1155 en la línea 278
-> Corriendo tests de RegressionTest23 para la clase: StackArMutated5549 (IncrementsMutator: Se reemplazó -- por ++ en la línea 93.)
   [X] Falló el test test1162 en la línea 639
-> Corriendo tests de RegressionTest23 para la clase: StackArMutated6514 (TrueReturnsMutator: Se reemplazó size() == 0 por true en la línea 72.)
   [X] Falló el test test1160 en la línea 567
-> Corriendo tests de RegressionTest23 para la clase: StackArMutated3403 (TrueConditionalsMutator: Se reemplazó obj == null por true en la línea 118.)
   [X] Falló el test test1160 en la línea 555
-> Corriendo tests de RegressionTest23 para la clase: StackArMutated8504 (OneConstantMutator: Se reemplazó 0 por 1 en la línea 22.)
-> Corriendo tests de RegressionTest23 para la clase: StackArMutated4104 (ZeroConstantMutator: Se reemplazó 1 por 0 en la línea 108.)
-> Corriendo tests de RegressionTest23 para la clase: StackArMutated1474 (NegateConditionsMutator: Se reemplazó != por == en la línea 125.)
   [X] Falló el test test1160 en la línea 555
-> Corriendo tests de RegressionTest23 para la clase: StackArMutated8304 (FalseReturnsMutator: Se reemplazó size() == 0 por false en la línea 72.)
   [X] Falló el test test1159 en la línea 457
-> Corriendo tests de RegressionTest23 para la clase: StackArMutated4147 (TrueReturnsMutator: Se reemplazó false por true en la línea 119.)
   [X] Falló el test test1160 en la línea 538
-> Corriendo tests de RegressionTest23 para la clase: StackArMutated6563 (FalseConditionalsMutator: Se reemplazó capacity < 0 por false en la línea 22.)
-> Corriendo tests de RegressionTest23 para la clase: StackArMutated3011 (ConditionalsBoundaryMutator: Se reemplazó > por >= en la línea 135.)
   [X] Falló el test test1160 en la línea 566
-> Corriendo tests de RegressionTest23 para la clase: StackArMutated8221 (ZeroConstantMutator: Se reemplazó 1 por 0 en la línea 68.)
   [X] Falló el test test1159 en la línea 457
-> Corriendo tests de RegressionTest23 para la clase: StackArMutated5150 (FalseConditionalsMutator: Se reemplazó !java.util.Arrays.equals(elems, other.elems) por false en la línea 123.)
   [X] Falló el test test1160 en la línea 542
-> Corriendo tests de RegressionTest23 para la clase: StackArMutated68 (MinusOneConstantMutator: Se reemplazó 0 por -1 en la línea 135.)
   [X] Falló el test test1160 en la línea 566
-> Corriendo tests de RegressionTest23 para la clase: StackArMutated9323 (FalseReturnsMutator: Se reemplazó size() == elems.length por false en la línea 76.)
   [X] Falló el test test1160 en la línea 565
-> Corriendo tests de RegressionTest23 para la clase: StackArMutated3936 (NegateConditionsMutator: Se reemplazó != por == en la línea 120.)
   [X] Falló el test test1160 en la línea 506
-> Corriendo tests de RegressionTest23 para la clase: StackArMutated5757 (FalseConditionalsMutator: Se reemplazó this == obj por false en la línea 116.)
-> Corriendo tests de RegressionTest23 para la clase: StackArMutated3699 (TrueConditionalsMutator: Se reemplazó !java.util.Arrays.equals(elems, other.elems) por true en la línea 123.)
   [X] Falló el test test1160 en la línea 555
-> Corriendo tests de RegressionTest23 para la clase: StackArMutated2842 (NullReturnsMutator: Se reemplazó rv por null en la línea 94.)
   [X] Falló el test test1162 en la línea 635
-> Corriendo tests de RegressionTest23 para la clase: StackArMutated1797 (TrueReturnsMutator: Se reemplazó false por true en la línea 126.)
-> Corriendo tests de RegressionTest23 para la clase: StackArMutated2601 (OneConstantMutator: Se reemplazó 0 por 1 en la línea 135.)
   [X] Falló el test test1163 en la línea 713
-> Corriendo tests de RegressionTest23 para la clase: StackArMutated8868 (ZeroConstantMutator: Se reemplazó 31 por 0 en la línea 107.)
-> Corriendo tests de RegressionTest23 para la clase: StackArMutated8438 (MathMutator: Se reemplazó * por / en la línea 109.)
-> Corriendo tests de RegressionTest23 para la clase: StackArMutated4597 (MathMutator: Se reemplazó + por - en la línea 110.)
-> Corriendo tests de RegressionTest23 para la clase: StackArMutated2255 (FalseConditionalsMutator: Se reemplazó isEmpty() por false en la línea 88.)
-> Corriendo tests de RegressionTest23 para la clase: StackArMutated3301 (FalseConditionalsMutator: Se reemplazó isFull() por false en la línea 80.)
   [X] Falló el test test1153 en la línea 170
-> Corriendo tests de RegressionTest23 para la clase: StackArMutated5048 (FalseConditionalsMutator: Se reemplazó getClass() != obj.getClass() por false en la línea 120.)
   [X] Falló el test test1160 en la línea 506
-> Corriendo tests de RegressionTest23 para la clase: StackArMutated1640 (TrueConditionalsMutator: Se reemplazó this == obj por true en la línea 116.)
   [X] Falló el test test1160 en la línea 538
-> Corriendo tests de RegressionTest23 para la clase: StackArMutated8357 (TrueConditionalsMutator: Se reemplazó capacity < 0 por true en la línea 22.)
   [X] Falló el test test1159 en la línea 447
-> Corriendo tests de RegressionTest23 para la clase: StackArMutated100 (OneConstantMutator: Se reemplazó 0 por 1 en la línea 72.)
   [X] Falló el test test1159 en la línea 457
-> Corriendo tests de RegressionTest23 para la clase: StackArMutated8598 (OneConstantMutator: Se reemplazó 31 por 1 en la línea 107.)
-> Corriendo tests de RegressionTest23 para la clase: StackArMutated8310 (MathMutator: Se reemplazó + por - en la línea 68.)
   [X] Falló el test test1159 en la línea 457
-> Corriendo tests de RegressionTest23 para la clase: StackArMutated79 (TrueConditionalsMutator: Se reemplazó getClass() != obj.getClass() por true en la línea 120.)
   [X] Falló el test test1160 en la línea 555
-> Corriendo tests de RegressionTest23 para la clase: StackArMutated1969 (TrueConditionalsMutator: Se reemplazó isEmpty() por true en la línea 88.)
   [X] Falló el test test1162 en la línea 602
-> Corriendo tests de RegressionTest23 para la clase: StackArMutated5806 (TrueConditionalsMutator: Se reemplazó isFull() por true en la línea 80.)
   [X] Falló el test test1160 en la línea 480
-> Corriendo tests de RegressionTest23 para la clase: StackArMutated1647 (EmptyReturnsMutator: Se reemplazó readIndex + 1 por 0 en la línea 68.)
   [X] Falló el test test1160 en la línea 565
-> Corriendo tests de RegressionTest23 para la clase: StackArMutated4678 (TrueReturnsMutator: Se reemplazó false por true en la línea 124.)
   [X] Falló el test test1160 en la línea 542
-> Corriendo tests de RegressionTest23 para la clase: StackArMutated7868 (TrueConditionalsMutator: Se reemplazó readIndex != other.readIndex por true en la línea 125.)
   [X] Falló el test test1160 en la línea 555
-> Corriendo tests de RegressionTest23 para la clase: StackArMutated6855 (MinusOneConstantMutator: Se reemplazó 1 por -1 en la línea 68.)
   [X] Falló el test test1159 en la línea 457
-> Corriendo tests de RegressionTest23 para la clase: StackArMutated9934 (MinusOneConstantMutator: Se reemplazó 0 por -1 en la línea 22.)
-> Corriendo tests de RegressionTest23 para la clase: StackArMutated8328 (NegateConditionsMutator: Se reemplazó <= por > en la línea 134.)
   [X] Falló el test test1159 en la línea 451
-> Corriendo tests de RegressionTest23 para la clase: StackArMutated1296 (ZeroConstantMutator: Se reemplazó 10 por 0 en la línea 11.)
   [X] Falló el test test1155 en la línea 293
-> Corriendo tests de RegressionTest23 para la clase: StackArMutated775 (IncrementsMutator: Se reemplazó ++ por -- en la línea 83.)
   [X] Falló el test test1160 en la línea 480
-> Corriendo tests de RegressionTest23 para la clase: StackArMutated1494 (MinusOneConstantMutator: Se reemplazó 0 por -1 en la línea 134.)
   [X] Falló el test test1159 en la línea 451
-> Corriendo tests de RegressionTest23 para la clase: StackArMutated6029 (MathMutator: Se reemplazó * por / en la línea 110.)
-> Corriendo tests de RegressionTest23 para la clase: StackArMutated411 (MinusOneConstantMutator: Se reemplazó 31 por -1 en la línea 107.)
-> Corriendo tests de RegressionTest23 para la clase: StackArMutated6466 (FalseConditionalsMutator: Se reemplazó readIndex != other.readIndex por false en la línea 125.)
-> Corriendo tests de RegressionTest23 para la clase: StackArMutated3873 (TrueConditionalsMutator: Se reemplazó i > 0 por true en la línea 135.)
   [X] Falló el test test1160 en la línea 566
-> Corriendo tests de RegressionTest23 para la clase: StackArMutated6422 (NegateConditionsMutator: Se reemplazó < por >= en la línea 22.)
   [X] Falló el test test1159 en la línea 447
-> Corriendo tests de RegressionTest23 para la clase: StackArMutated8325 (NegateConditionsMutator: Se reemplazó == por != en la línea 118.)
   [X] Falló el test test1160 en la línea 485
-> Corriendo tests de RegressionTest23 para la clase: StackArMutated4488 (NegateConditionsMutator: Se reemplazó == por != en la línea 72.)
   [X] Falló el test test1159 en la línea 457
-> Corriendo tests de RegressionTest23 para la clase: StackArMutated5210 (NullReturnsMutator: Se reemplazó rv por null en la línea 102.)
   [X] Falló el test test1162 en la línea 635
-> Corriendo tests de RegressionTest23 para la clase: StackArMutated7114 (ConditionalsBoundaryMutator: Se reemplazó < por <= en la línea 22.)
-> Corriendo tests de RegressionTest23 para la clase: StackArMutated7310 (IncrementsMutator: Se reemplazó ++ por -- en la línea 134.)
   [X] Falló el test test1160 en la línea 526
-> Corriendo tests de RegressionTest23 para la clase: StackArMutated2185 (NegateConditionsMutator: Se reemplazó == por != en la línea 116.)
   [X] Falló el test test1160 en la línea 538
-> Corriendo tests de RegressionTest23 para la clase: StackArMutated8163 (MinusOneConstantMutator: Se reemplazó 1 por -1 en la línea 108.)
-> Corriendo tests de RegressionTest23 para la clase: StackArMutated4369 (TrueReturnsMutator: Se reemplazó size() == elems.length por true en la línea 76.)
   [X] Falló el test test1159 en la línea 459
-> Corriendo tests de RegressionTest23 para la clase: StackArMutated3599 (OneConstantMutator: Se reemplazó 0 por 1 en la línea 134.)
   [X] Falló el test test1160 en la línea 566
-> Corriendo tests de RegressionTest23 para la clase: StackArMutated7517 (FalseReturnsMutator: Se reemplazó true por false en la línea 127.)
   [X] Falló el test test1160 en la línea 555
-> Corriendo tests de RegressionTest23 para la clase: StackArMutated4327 (FalseReturnsMutator: Se reemplazó true por false en la línea 117.)
-> Corriendo tests de RegressionTest23 para la clase: StackArMutated3359 (TrueReturnsMutator: Se reemplazó false por true en la línea 121.)
   [X] Falló el test test1160 en la línea 553
-> Corriendo tests de RegressionTest23 para la clase: StackArMutated6238 (EmptyReturnsMutator: Se reemplazó b.toString() por "" en la línea 143.)
   [X] Falló el test test1159 en la línea 460
-> Corriendo tests de RegressionTest23 para la clase: StackArMutated5666 (FalseConditionalsMutator: Se reemplazó isEmpty() por false en la línea 98.)
   [X] Falló el test test1162 en la línea 623
-> Corriendo tests de RegressionTest23 para la clase: StackArMutated1101 (OneConstantMutator: Se reemplazó 10 por 1 en la línea 11.)
   [X] Falló el test test1155 en la línea 292
-> Corriendo tests de RegressionTest23 para la clase: StackArMutated2271 (FalseConditionalsMutator: Se reemplazó obj == null por false en la línea 118.)
   [X] Falló el test test1160 en la línea 485
-> Corriendo tests de RegressionTest23 para la clase: StackArMutated2593 (ConditionalsBoundaryMutator: Se reemplazó <= por < en la línea 134.)
   [X] Falló el test test1160 en la línea 566
-> Corriendo tests de RegressionTest23 para la clase: StackArMutated4176 (TrueConditionalsMutator: Se reemplazó isEmpty() por true en la línea 98.)
   [X] Falló el test test1162 en la línea 602
-> Corriendo tests de RegressionTest23 para la clase: StackArMutated6073 (NegateConditionsMutator: Se reemplazó > por <= en la línea 135.)
   [X] Falló el test test1160 en la línea 566
-> Corriendo tests de RegressionTest23 para la clase: StackArMutated404 (FalseConditionalsMutator: Se reemplazó i > 0 por false en la línea 135.)
   [X] Falló el test test1163 en la línea 713
-> Mutantes generados: 74
-> Mutantes eliminados: 55
    - StackArMutated3359 (TrueReturnsMutator: Se reemplazó false por true en la línea 121.)
    - StackArMutated7517 (FalseReturnsMutator: Se reemplazó true por false en la línea 127.)
    - StackArMutated8328 (NegateConditionsMutator: Se reemplazó <= por > en la línea 134.)
    - StackArMutated1296 (ZeroConstantMutator: Se reemplazó 10 por 0 en la línea 11.)
    - StackArMutated1494 (MinusOneConstantMutator: Se reemplazó 0 por -1 en la línea 134.)
    - StackArMutated4488 (NegateConditionsMutator: Se reemplazó == por != en la línea 72.)
    - StackArMutated2185 (NegateConditionsMutator: Se reemplazó == por != en la línea 116.)
    - StackArMutated4369 (TrueReturnsMutator: Se reemplazó size() == elems.length por true en la línea 76.)
    - StackArMutated3599 (OneConstantMutator: Se reemplazó 0 por 1 en la línea 134.)
    - StackArMutated3873 (TrueConditionalsMutator: Se reemplazó i > 0 por true en la línea 135.)
    - StackArMutated8325 (NegateConditionsMutator: Se reemplazó == por != en la línea 118.)
    - StackArMutated5210 (NullReturnsMutator: Se reemplazó rv por null en la línea 102.)
    - StackArMutated7310 (IncrementsMutator: Se reemplazó ++ por -- en la línea 134.)
    - StackArMutated6422 (NegateConditionsMutator: Se reemplazó < por >= en la línea 22.)
    - StackArMutated2271 (FalseConditionalsMutator: Se reemplazó obj == null por false en la línea 118.)
    - StackArMutated6073 (NegateConditionsMutator: Se reemplazó > por <= en la línea 135.)
    - StackArMutated5806 (TrueConditionalsMutator: Se reemplazó isFull() por true en la línea 80.)
    - StackArMutated4678 (TrueReturnsMutator: Se reemplazó false por true en la línea 124.)
    - StackArMutated7868 (TrueConditionalsMutator: Se reemplazó readIndex != other.readIndex por true en la línea 125.)
    - StackArMutated1647 (EmptyReturnsMutator: Se reemplazó readIndex + 1 por 0 en la línea 68.)
    - StackArMutated5048 (FalseConditionalsMutator: Se reemplazó getClass() != obj.getClass() por false en la línea 120.)
    - StackArMutated6855 (MinusOneConstantMutator: Se reemplazó 1 por -1 en la línea 68.)
    - StackArMutated1640 (TrueConditionalsMutator: Se reemplazó this == obj por true en la línea 116.)
    - StackArMutated8357 (TrueConditionalsMutator: Se reemplazó capacity < 0 por true en la línea 22.)
    - StackArMutated3301 (FalseConditionalsMutator: Se reemplazó isFull() por false en la línea 80.)
    - StackArMutated9323 (FalseReturnsMutator: Se reemplazó size() == elems.length por false en la línea 76.)
    - StackArMutated404 (FalseConditionalsMutator: Se reemplazó i > 0 por false en la línea 135.)
    - StackArMutated1969 (TrueConditionalsMutator: Se reemplazó isEmpty() por true en la línea 88.)
    - StackArMutated68 (MinusOneConstantMutator: Se reemplazó 0 por -1 en la línea 135.)
    - StackArMutated2601 (OneConstantMutator: Se reemplazó 0 por 1 en la línea 135.)
    - StackArMutated2842 (NullReturnsMutator: Se reemplazó rv por null en la línea 94.)
    - StackArMutated3699 (TrueConditionalsMutator: Se reemplazó !java.util.Arrays.equals(elems, other.elems) por true en la línea 123.)
    - StackArMutated3936 (NegateConditionsMutator: Se reemplazó != por == en la línea 120.)
    - StackArMutated4147 (TrueReturnsMutator: Se reemplazó false por true en la línea 119.)
    - StackArMutated3011 (ConditionalsBoundaryMutator: Se reemplazó > por >= en la línea 135.)
    - StackArMutated8304 (FalseReturnsMutator: Se reemplazó size() == 0 por false en la línea 72.)
    - StackArMutated775 (IncrementsMutator: Se reemplazó ++ por -- en la línea 83.)
    - StackArMutated9238 (MinusOneConstantMutator: Se reemplazó 10 por -1 en la línea 11.)
    - StackArMutated1474 (NegateConditionsMutator: Se reemplazó != por == en la línea 125.)
    - StackArMutated8310 (MathMutator: Se reemplazó + por - en la línea 68.)
    - StackArMutated79 (TrueConditionalsMutator: Se reemplazó getClass() != obj.getClass() por true en la línea 120.)
    - StackArMutated3403 (TrueConditionalsMutator: Se reemplazó obj == null por true en la línea 118.)
    - StackArMutated6879 (MinusOneConstantMutator: Se reemplazó 0 por -1 en la línea 72.)
    - StackArMutated1308 (ZeroConstantMutator: Se reemplazó 1 por 0 en la línea 15.)
    - StackArMutated5549 (IncrementsMutator: Se reemplazó -- por ++ en la línea 93.)
    - StackArMutated2593 (ConditionalsBoundaryMutator: Se reemplazó <= por < en la línea 134.)
    - StackArMutated6514 (TrueReturnsMutator: Se reemplazó size() == 0 por true en la línea 72.)
    - StackArMutated5666 (FalseConditionalsMutator: Se reemplazó isEmpty() por false en la línea 98.)
    - StackArMutated6238 (EmptyReturnsMutator: Se reemplazó b.toString() por "" en la línea 143.)
    - StackArMutated1101 (OneConstantMutator: Se reemplazó 10 por 1 en la línea 11.)
    - StackArMutated4176 (TrueConditionalsMutator: Se reemplazó isEmpty() por true en la línea 98.)
    - StackArMutated8221 (ZeroConstantMutator: Se reemplazó 1 por 0 en la línea 68.)
    - StackArMutated5150 (FalseConditionalsMutator: Se reemplazó !java.util.Arrays.equals(elems, other.elems) por false en la línea 123.)
    - StackArMutated100 (OneConstantMutator: Se reemplazó 0 por 1 en la línea 72.)
    - StackArMutated3806 (NegateConditionsMutator: Se reemplazó == por != en la línea 76.)
-> Mutantes vivos: 19
    - StackArMutated4327 (FalseReturnsMutator: Se reemplazó true por false en la línea 117.)
    - StackArMutated9934 (MinusOneConstantMutator: Se reemplazó 0 por -1 en la línea 22.)
    - StackArMutated6029 (MathMutator: Se reemplazó * por / en la línea 110.)
    - StackArMutated6466 (FalseConditionalsMutator: Se reemplazó readIndex != other.readIndex por false en la línea 125.)
    - StackArMutated7114 (ConditionalsBoundaryMutator: Se reemplazó < por <= en la línea 22.)
    - StackArMutated8438 (MathMutator: Se reemplazó * por / en la línea 109.)
    - StackArMutated4597 (MathMutator: Se reemplazó + por - en la línea 110.)
    - StackArMutated2255 (FalseConditionalsMutator: Se reemplazó isEmpty() por false en la línea 88.)
    - StackArMutated8598 (OneConstantMutator: Se reemplazó 31 por 1 en la línea 107.)
    - StackArMutated8163 (MinusOneConstantMutator: Se reemplazó 1 por -1 en la línea 108.)
    - StackArMutated1797 (TrueReturnsMutator: Se reemplazó false por true en la línea 126.)
    - StackArMutated5757 (FalseConditionalsMutator: Se reemplazó this == obj por false en la línea 116.)
    - StackArMutated8504 (OneConstantMutator: Se reemplazó 0 por 1 en la línea 22.)
    - StackArMutated8868 (ZeroConstantMutator: Se reemplazó 31 por 0 en la línea 107.)
    - StackArMutated4104 (ZeroConstantMutator: Se reemplazó 1 por 0 en la línea 108.)
    - StackArMutated6563 (FalseConditionalsMutator: Se reemplazó capacity < 0 por false en la línea 22.)
    - StackArMutated411 (MinusOneConstantMutator: Se reemplazó 31 por -1 en la línea 107.)
    - StackArMutated1229 (MathMutator: Se reemplazó + por - en la línea 109.)
    - StackArMutated9553 (EmptyReturnsMutator: Se reemplazó result por 0 en la línea 111.)
-> Mutation score: 74%
]]></system-out>
  <system-err><![CDATA[[Test worker] INFO org.reflections.Reflections - Reflections took 5 ms to scan 1 urls, producing 1 keys and 74 values
]]></system-err>
</testsuite>
