<?xml version="1.0" encoding="UTF-8"?>
<testsuite name="org.autotest.StackTests2" tests="1" skipped="0" failures="0" errors="0" timestamp="2024-09-30T22:36:52" hostname="archlinux" time="0.039">
  <properties/>
  <testcase name="run()" classname="org.autotest.StackTests2" time="0.039"/>
  <system-out><![CDATA[-> Corriendo tests de StackTests2 para la clase: StackAr (Stack original)
-> Corriendo tests de StackTests2 para la clase: StackArMutated19 (MathMutator: Se reemplazó * por / en la línea 89.)
-> Corriendo tests de StackTests2 para la clase: StackArMutated9794 (EmptyReturnsMutator: Se reemplazó b.toString() por "" en la línea 123.)
   [X] Falló el test testToStringMethod en la línea 53
-> Corriendo tests de StackTests2 para la clase: StackArMutated4618 (TrueConditionalsMutator: Se reemplazó i > 0 por true en la línea 115.)
   [X] Falló el test testToStringMethod en la línea 55
-> Corriendo tests de StackTests2 para la clase: StackArMutated4974 (MinusOneConstantMutator: Se reemplazó 0 por -1 en la línea 115.)
   [X] Falló el test testToStringMethod en la línea 55
-> Corriendo tests de StackTests2 para la clase: StackArMutated9713 (TrueConditionalsMutator: Se reemplazó getClass() != obj.getClass() por true en la línea 100.)
-> Corriendo tests de StackTests2 para la clase: StackArMutated676 (OneConstantMutator: Se reemplazó 0 por 1 en la línea 114.)
   [X] Falló el test testToStringMethod en la línea 55
-> Corriendo tests de StackTests2 para la clase: StackArMutated3376 (NegateConditionsMutator: Se reemplazó != por == en la línea 100.)
-> Corriendo tests de StackTests2 para la clase: StackArMutated1550 (TrueReturnsMutator: Se reemplazó size() == 0 por true en la línea 53.)
   [X] Falló el test testIsEmptyMethod en la línea 37
-> Corriendo tests de StackTests2 para la clase: StackArMutated7656 (FalseConditionalsMutator: Se reemplazó readIndex != other.readIndex por false en la línea 105.)
-> Corriendo tests de StackTests2 para la clase: StackArMutated8228 (ZeroConstantMutator: Se reemplazó 1 por 0 en la línea 49.)
   [X] Falló el test testSizeIncreasesByOne en la línea 13
-> Corriendo tests de StackTests2 para la clase: StackArMutated7777 (ConditionalsBoundaryMutator: Se reemplazó > por >= en la línea 115.)
   [X] Falló el test testToStringMethod en la línea 55
-> Corriendo tests de StackTests2 para la clase: StackArMutated4222 (ConditionalsBoundaryMutator: Se reemplazó < por <= en la línea 19.)
-> Corriendo tests de StackTests2 para la clase: StackArMutated8623 (TrueConditionalsMutator: Se reemplazó this == obj por true en la línea 96.)
-> Corriendo tests de StackTests2 para la clase: StackArMutated4423 (FalseConditionalsMutator: Se reemplazó !java.util.Arrays.equals(elems, other.elems) por false en la línea 103.)
-> Corriendo tests de StackTests2 para la clase: StackArMutated6323 (OneConstantMutator: Se reemplazó 0 por 1 en la línea 53.)
   [X] Falló el test testDefaultConstructor en la línea 20
-> Corriendo tests de StackTests2 para la clase: StackArMutated5430 (MinusOneConstantMutator: Se reemplazó 31 por -1 en la línea 87.)
-> Corriendo tests de StackTests2 para la clase: StackArMutated7378 (TrueReturnsMutator: Se reemplazó false por true en la línea 104.)
-> Corriendo tests de StackTests2 para la clase: StackArMutated8741 (TrueConditionalsMutator: Se reemplazó !java.util.Arrays.equals(elems, other.elems) por true en la línea 103.)
-> Corriendo tests de StackTests2 para la clase: StackArMutated5431 (EmptyReturnsMutator: Se reemplazó result por 0 en la línea 91.)
-> Corriendo tests de StackTests2 para la clase: StackArMutated6003 (MinusOneConstantMutator: Se reemplazó 1 por -1 en la línea 49.)
   [X] Falló el test testSizeIncreasesByOne en la línea 13
-> Corriendo tests de StackTests2 para la clase: StackArMutated2680 (FalseConditionalsMutator: Se reemplazó capacity < 0 por false en la línea 19.)
   [X] Falló el test testConstructorWithNegativeCapacity en la línea 28
-> Corriendo tests de StackTests2 para la clase: StackArMutated7292 (FalseReturnsMutator: Se reemplazó true por false en la línea 97.)
-> Corriendo tests de StackTests2 para la clase: StackArMutated3339 (OneConstantMutator: Se reemplazó 31 por 1 en la línea 87.)
-> Corriendo tests de StackTests2 para la clase: StackArMutated3933 (FalseConditionalsMutator: Se reemplazó isEmpty() por false en la línea 69.)
-> Corriendo tests de StackTests2 para la clase: StackArMutated1713 (ConditionalsBoundaryMutator: Se reemplazó <= por < en la línea 114.)
   [X] Falló el test testToStringMethod en la línea 55
-> Corriendo tests de StackTests2 para la clase: StackArMutated5912 (EmptyReturnsMutator: Se reemplazó readIndex + 1 por 0 en la línea 49.)
   [X] Falló el test testSizeIncreasesByOne en la línea 15
-> Corriendo tests de StackTests2 para la clase: StackArMutated9767 (FalseConditionalsMutator: Se reemplazó isFull() por false en la línea 61.)
-> Corriendo tests de StackTests2 para la clase: StackArMutated4702 (FalseConditionalsMutator: Se reemplazó i > 0 por false en la línea 115.)
   [X] Falló el test testToStringMethod en la línea 57
-> Corriendo tests de StackTests2 para la clase: StackArMutated5557 (MinusOneConstantMutator: Se reemplazó 0 por -1 en la línea 19.)
   [X] Falló el test testConstructorWithNegativeCapacity en la línea 28
-> Corriendo tests de StackTests2 para la clase: StackArMutated5635 (ZeroConstantMutator: Se reemplazó 1 por 0 en la línea 12.)
   [X] Falló el test testSizeIncreasesByOne en la línea 13
-> Corriendo tests de StackTests2 para la clase: StackArMutated8999 (NegateConditionsMutator: Se reemplazó == por != en la línea 53.)
   [X] Falló el test testDefaultConstructor en la línea 20
-> Corriendo tests de StackTests2 para la clase: StackArMutated5369 (ZeroConstantMutator: Se reemplazó 10 por 0 en la línea 8.)
   [X] Falló el test testSizeIncreasesByOne en la línea 14
-> Corriendo tests de StackTests2 para la clase: StackArMutated2254 (IncrementsMutator: Se reemplazó ++ por -- en la línea 114.)
   [X] Falló el test testToStringMethod en la línea 55
-> Corriendo tests de StackTests2 para la clase: StackArMutated8997 (MathMutator: Se reemplazó + por - en la línea 90.)
-> Corriendo tests de StackTests2 para la clase: StackArMutated7500 (MinusOneConstantMutator: Se reemplazó 0 por -1 en la línea 114.)
   [X] Falló el test testToStringMethod en la línea 53
-> Corriendo tests de StackTests2 para la clase: StackArMutated7388 (NullReturnsMutator: Se reemplazó rv por null en la línea 82.)
-> Corriendo tests de StackTests2 para la clase: StackArMutated461 (TrueReturnsMutator: Se reemplazó size() == elems.length por true en la línea 57.)
   [X] Falló el test testSizeIncreasesByOne en la línea 14
-> Corriendo tests de StackTests2 para la clase: StackArMutated8352 (NegateConditionsMutator: Se reemplazó < por >= en la línea 19.)
   [X] Falló el test testSizeIncreasesByOne en la línea 12
-> Corriendo tests de StackTests2 para la clase: StackArMutated8593 (TrueConditionalsMutator: Se reemplazó isEmpty() por true en la línea 69.)
   [X] Falló el test testIsEmptyMethod en la línea 38
-> Corriendo tests de StackTests2 para la clase: StackArMutated1928 (FalseConditionalsMutator: Se reemplazó getClass() != obj.getClass() por false en la línea 100.)
-> Corriendo tests de StackTests2 para la clase: StackArMutated1605 (TrueReturnsMutator: Se reemplazó false por true en la línea 101.)
-> Corriendo tests de StackTests2 para la clase: StackArMutated1400 (ZeroConstantMutator: Se reemplazó 1 por 0 en la línea 88.)
-> Corriendo tests de StackTests2 para la clase: StackArMutated9338 (IncrementsMutator: Se reemplazó ++ por -- en la línea 64.)
   [X] Falló el test testSizeIncreasesByOne en la línea 14
-> Corriendo tests de StackTests2 para la clase: StackArMutated9218 (TrueConditionalsMutator: Se reemplazó isEmpty() por true en la línea 78.)
   [X] Falló el test testIsEmptyMethod en la línea 38
-> Corriendo tests de StackTests2 para la clase: StackArMutated2017 (NegateConditionsMutator: Se reemplazó == por != en la línea 98.)
-> Corriendo tests de StackTests2 para la clase: StackArMutated2216 (MathMutator: Se reemplazó + por - en la línea 49.)
   [X] Falló el test testSizeIncreasesByOne en la línea 13
-> Corriendo tests de StackTests2 para la clase: StackArMutated851 (OneConstantMutator: Se reemplazó 0 por 1 en la línea 19.)
-> Corriendo tests de StackTests2 para la clase: StackArMutated7513 (TrueConditionalsMutator: Se reemplazó readIndex != other.readIndex por true en la línea 105.)
-> Corriendo tests de StackTests2 para la clase: StackArMutated4640 (NegateConditionsMutator: Se reemplazó == por != en la línea 96.)
-> Corriendo tests de StackTests2 para la clase: StackArMutated1178 (NegateConditionsMutator: Se reemplazó > por <= en la línea 115.)
   [X] Falló el test testToStringMethod en la línea 55
-> Corriendo tests de StackTests2 para la clase: StackArMutated6302 (FalseConditionalsMutator: Se reemplazó this == obj por false en la línea 96.)
-> Corriendo tests de StackTests2 para la clase: StackArMutated7555 (NegateConditionsMutator: Se reemplazó == por != en la línea 57.)
   [X] Falló el test testSizeIncreasesByOne en la línea 14
-> Corriendo tests de StackTests2 para la clase: StackArMutated7234 (IncrementsMutator: Se reemplazó -- por ++ en la línea 73.)
   [X] Falló el test testIsEmptyMethod en la línea 39
-> Corriendo tests de StackTests2 para la clase: StackArMutated4088 (TrueConditionalsMutator: Se reemplazó obj == null por true en la línea 98.)
-> Corriendo tests de StackTests2 para la clase: StackArMutated7150 (NegateConditionsMutator: Se reemplazó != por == en la línea 105.)
-> Corriendo tests de StackTests2 para la clase: StackArMutated1536 (NullReturnsMutator: Se reemplazó rv por null en la línea 74.)
-> Corriendo tests de StackTests2 para la clase: StackArMutated7518 (ZeroConstantMutator: Se reemplazó 31 por 0 en la línea 87.)
-> Corriendo tests de StackTests2 para la clase: StackArMutated3358 (NegateConditionsMutator: Se reemplazó <= por > en la línea 114.)
   [X] Falló el test testToStringMethod en la línea 53
-> Corriendo tests de StackTests2 para la clase: StackArMutated9900 (MinusOneConstantMutator: Se reemplazó 1 por -1 en la línea 88.)
-> Corriendo tests de StackTests2 para la clase: StackArMutated2942 (OneConstantMutator: Se reemplazó 0 por 1 en la línea 115.)
   [X] Falló el test testToStringMethod en la línea 57
-> Corriendo tests de StackTests2 para la clase: StackArMutated687 (TrueConditionalsMutator: Se reemplazó capacity < 0 por true en la línea 19.)
   [X] Falló el test testSizeIncreasesByOne en la línea 12
-> Corriendo tests de StackTests2 para la clase: StackArMutated9737 (OneConstantMutator: Se reemplazó 10 por 1 en la línea 8.)
-> Corriendo tests de StackTests2 para la clase: StackArMutated642 (TrueReturnsMutator: Se reemplazó false por true en la línea 99.)
-> Corriendo tests de StackTests2 para la clase: StackArMutated4775 (FalseConditionalsMutator: Se reemplazó isEmpty() por false en la línea 78.)
-> Corriendo tests de StackTests2 para la clase: StackArMutated5421 (MathMutator: Se reemplazó * por / en la línea 90.)
-> Corriendo tests de StackTests2 para la clase: StackArMutated5223 (MathMutator: Se reemplazó + por - en la línea 89.)
-> Corriendo tests de StackTests2 para la clase: StackArMutated7687 (TrueReturnsMutator: Se reemplazó false por true en la línea 106.)
-> Corriendo tests de StackTests2 para la clase: StackArMutated5266 (MinusOneConstantMutator: Se reemplazó 10 por -1 en la línea 8.)
   [X] Falló el test testSizeIncreasesByOne en la línea 12
-> Corriendo tests de StackTests2 para la clase: StackArMutated3880 (FalseReturnsMutator: Se reemplazó size() == 0 por false en la línea 53.)
   [X] Falló el test testDefaultConstructor en la línea 20
-> Corriendo tests de StackTests2 para la clase: StackArMutated5340 (FalseReturnsMutator: Se reemplazó size() == elems.length por false en la línea 57.)
   [X] Falló el test testIsFullMethod en la línea 46
-> Corriendo tests de StackTests2 para la clase: StackArMutated1064 (MinusOneConstantMutator: Se reemplazó 0 por -1 en la línea 53.)
   [X] Falló el test testDefaultConstructor en la línea 20
-> Corriendo tests de StackTests2 para la clase: StackArMutated3161 (TrueConditionalsMutator: Se reemplazó isFull() por true en la línea 61.)
   [X] Falló el test testSizeIncreasesByOne en la línea 14
-> Corriendo tests de StackTests2 para la clase: StackArMutated8173 (FalseConditionalsMutator: Se reemplazó obj == null por false en la línea 98.)
-> Corriendo tests de StackTests2 para la clase: StackArMutated446 (FalseReturnsMutator: Se reemplazó true por false en la línea 107.)
-> Mutantes generados: 74
-> Mutantes eliminados: 36
    - StackArMutated2942 (OneConstantMutator: Se reemplazó 0 por 1 en la línea 115.)
    - StackArMutated3358 (NegateConditionsMutator: Se reemplazó <= por > en la línea 114.)
    - StackArMutated9338 (IncrementsMutator: Se reemplazó ++ por -- en la línea 64.)
    - StackArMutated9218 (TrueConditionalsMutator: Se reemplazó isEmpty() por true en la línea 78.)
    - StackArMutated676 (OneConstantMutator: Se reemplazó 0 por 1 en la línea 114.)
    - StackArMutated1178 (NegateConditionsMutator: Se reemplazó > por <= en la línea 115.)
    - StackArMutated7234 (IncrementsMutator: Se reemplazó -- por ++ en la línea 73.)
    - StackArMutated7555 (NegateConditionsMutator: Se reemplazó == por != en la línea 57.)
    - StackArMutated5340 (FalseReturnsMutator: Se reemplazó size() == elems.length por false en la línea 57.)
    - StackArMutated3161 (TrueConditionalsMutator: Se reemplazó isFull() por true en la línea 61.)
    - StackArMutated2216 (MathMutator: Se reemplazó + por - en la línea 49.)
    - StackArMutated8999 (NegateConditionsMutator: Se reemplazó == por != en la línea 53.)
    - StackArMutated5369 (ZeroConstantMutator: Se reemplazó 10 por 0 en la línea 8.)
    - StackArMutated687 (TrueConditionalsMutator: Se reemplazó capacity < 0 por true en la línea 19.)
    - StackArMutated7500 (MinusOneConstantMutator: Se reemplazó 0 por -1 en la línea 114.)
    - StackArMutated2254 (IncrementsMutator: Se reemplazó ++ por -- en la línea 114.)
    - StackArMutated5635 (ZeroConstantMutator: Se reemplazó 1 por 0 en la línea 12.)
    - StackArMutated5912 (EmptyReturnsMutator: Se reemplazó readIndex + 1 por 0 en la línea 49.)
    - StackArMutated4702 (FalseConditionalsMutator: Se reemplazó i > 0 por false en la línea 115.)
    - StackArMutated1713 (ConditionalsBoundaryMutator: Se reemplazó <= por < en la línea 114.)
    - StackArMutated7777 (ConditionalsBoundaryMutator: Se reemplazó > por >= en la línea 115.)
    - StackArMutated2680 (FalseConditionalsMutator: Se reemplazó capacity < 0 por false en la línea 19.)
    - StackArMutated8228 (ZeroConstantMutator: Se reemplazó 1 por 0 en la línea 49.)
    - StackArMutated5557 (MinusOneConstantMutator: Se reemplazó 0 por -1 en la línea 19.)
    - StackArMutated1550 (TrueReturnsMutator: Se reemplazó size() == 0 por true en la línea 53.)
    - StackArMutated6323 (OneConstantMutator: Se reemplazó 0 por 1 en la línea 53.)
    - StackArMutated6003 (MinusOneConstantMutator: Se reemplazó 1 por -1 en la línea 49.)
    - StackArMutated8593 (TrueConditionalsMutator: Se reemplazó isEmpty() por true en la línea 69.)
    - StackArMutated8352 (NegateConditionsMutator: Se reemplazó < por >= en la línea 19.)
    - StackArMutated4618 (TrueConditionalsMutator: Se reemplazó i > 0 por true en la línea 115.)
    - StackArMutated1064 (MinusOneConstantMutator: Se reemplazó 0 por -1 en la línea 53.)
    - StackArMutated3880 (FalseReturnsMutator: Se reemplazó size() == 0 por false en la línea 53.)
    - StackArMutated4974 (MinusOneConstantMutator: Se reemplazó 0 por -1 en la línea 115.)
    - StackArMutated5266 (MinusOneConstantMutator: Se reemplazó 10 por -1 en la línea 8.)
    - StackArMutated9794 (EmptyReturnsMutator: Se reemplazó b.toString() por "" en la línea 123.)
    - StackArMutated461 (TrueReturnsMutator: Se reemplazó size() == elems.length por true en la línea 57.)
-> Mutantes vivos: 38
    - StackArMutated1536 (NullReturnsMutator: Se reemplazó rv por null en la línea 74.)
    - StackArMutated7518 (ZeroConstantMutator: Se reemplazó 31 por 0 en la línea 87.)
    - StackArMutated7513 (TrueConditionalsMutator: Se reemplazó readIndex != other.readIndex por true en la línea 105.)
    - StackArMutated6302 (FalseConditionalsMutator: Se reemplazó this == obj por false en la línea 96.)
    - StackArMutated9737 (OneConstantMutator: Se reemplazó 10 por 1 en la línea 8.)
    - StackArMutated4088 (TrueConditionalsMutator: Se reemplazó obj == null por true en la línea 98.)
    - StackArMutated4640 (NegateConditionsMutator: Se reemplazó == por != en la línea 96.)
    - StackArMutated8173 (FalseConditionalsMutator: Se reemplazó obj == null por false en la línea 98.)
    - StackArMutated19 (MathMutator: Se reemplazó * por / en la línea 89.)
    - StackArMutated1400 (ZeroConstantMutator: Se reemplazó 1 por 0 en la línea 88.)
    - StackArMutated2017 (NegateConditionsMutator: Se reemplazó == por != en la línea 98.)
    - StackArMutated1605 (TrueReturnsMutator: Se reemplazó false por true en la línea 101.)
    - StackArMutated9767 (FalseConditionalsMutator: Se reemplazó isFull() por false en la línea 61.)
    - StackArMutated8997 (MathMutator: Se reemplazó + por - en la línea 90.)
    - StackArMutated7388 (NullReturnsMutator: Se reemplazó rv por null en la línea 82.)
    - StackArMutated446 (FalseReturnsMutator: Se reemplazó true por false en la línea 107.)
    - StackArMutated642 (TrueReturnsMutator: Se reemplazó false por true en la línea 99.)
    - StackArMutated7150 (NegateConditionsMutator: Se reemplazó != por == en la línea 105.)
    - StackArMutated1928 (FalseConditionalsMutator: Se reemplazó getClass() != obj.getClass() por false en la línea 100.)
    - StackArMutated3339 (OneConstantMutator: Se reemplazó 31 por 1 en la línea 87.)
    - StackArMutated3933 (FalseConditionalsMutator: Se reemplazó isEmpty() por false en la línea 69.)
    - StackArMutated7656 (FalseConditionalsMutator: Se reemplazó readIndex != other.readIndex por false en la línea 105.)
    - StackArMutated8623 (TrueConditionalsMutator: Se reemplazó this == obj por true en la línea 96.)
    - StackArMutated4423 (FalseConditionalsMutator: Se reemplazó !java.util.Arrays.equals(elems, other.elems) por false en la línea 103.)
    - StackArMutated9713 (TrueConditionalsMutator: Se reemplazó getClass() != obj.getClass() por true en la línea 100.)
    - StackArMutated5430 (MinusOneConstantMutator: Se reemplazó 31 por -1 en la línea 87.)
    - StackArMutated5431 (EmptyReturnsMutator: Se reemplazó result por 0 en la línea 91.)
    - StackArMutated3376 (NegateConditionsMutator: Se reemplazó != por == en la línea 100.)
    - StackArMutated4222 (ConditionalsBoundaryMutator: Se reemplazó < por <= en la línea 19.)
    - StackArMutated7378 (TrueReturnsMutator: Se reemplazó false por true en la línea 104.)
    - StackArMutated8741 (TrueConditionalsMutator: Se reemplazó !java.util.Arrays.equals(elems, other.elems) por true en la línea 103.)
    - StackArMutated851 (OneConstantMutator: Se reemplazó 0 por 1 en la línea 19.)
    - StackArMutated4775 (FalseConditionalsMutator: Se reemplazó isEmpty() por false en la línea 78.)
    - StackArMutated9900 (MinusOneConstantMutator: Se reemplazó 1 por -1 en la línea 88.)
    - StackArMutated7687 (TrueReturnsMutator: Se reemplazó false por true en la línea 106.)
    - StackArMutated5421 (MathMutator: Se reemplazó * por / en la línea 90.)
    - StackArMutated5223 (MathMutator: Se reemplazó + por - en la línea 89.)
    - StackArMutated7292 (FalseReturnsMutator: Se reemplazó true por false en la línea 97.)
-> Mutation score: 48%
]]></system-out>
  <system-err><![CDATA[[Test worker] INFO org.reflections.Reflections - Reflections took 16 ms to scan 1 urls, producing 1 keys and 74 values
]]></system-err>
</testsuite>
