<?xml version="1.0" encoding="UTF-8"?>
<testsuite name="org.autotest.generated.RegressionTest43" tests="51" skipped="0" failures="0" errors="0" timestamp="2024-10-02T17:28:02" hostname="archlinux" time="0.05">
  <properties/>
  <testcase name="run()" classname="org.autotest.generated.RegressionTest43" time="0.038"/>
  <testcase name="test2151()" classname="org.autotest.generated.RegressionTest43" time="0.001"/>
  <testcase name="test2152()" classname="org.autotest.generated.RegressionTest43" time="0.0"/>
  <testcase name="test2153()" classname="org.autotest.generated.RegressionTest43" time="0.0"/>
  <testcase name="test2154()" classname="org.autotest.generated.RegressionTest43" time="0.0"/>
  <testcase name="test2155()" classname="org.autotest.generated.RegressionTest43" time="0.0"/>
  <testcase name="test2156()" classname="org.autotest.generated.RegressionTest43" time="0.0"/>
  <testcase name="test2157()" classname="org.autotest.generated.RegressionTest43" time="0.0"/>
  <testcase name="test2158()" classname="org.autotest.generated.RegressionTest43" time="0.001"/>
  <testcase name="test2159()" classname="org.autotest.generated.RegressionTest43" time="0.0"/>
  <testcase name="test2160()" classname="org.autotest.generated.RegressionTest43" time="0.0"/>
  <testcase name="test2161()" classname="org.autotest.generated.RegressionTest43" time="0.0"/>
  <testcase name="test2162()" classname="org.autotest.generated.RegressionTest43" time="0.0"/>
  <testcase name="test2163()" classname="org.autotest.generated.RegressionTest43" time="0.001"/>
  <testcase name="test2164()" classname="org.autotest.generated.RegressionTest43" time="0.0"/>
  <testcase name="test2165()" classname="org.autotest.generated.RegressionTest43" time="0.0"/>
  <testcase name="test2166()" classname="org.autotest.generated.RegressionTest43" time="0.0"/>
  <testcase name="test2167()" classname="org.autotest.generated.RegressionTest43" time="0.0"/>
  <testcase name="test2168()" classname="org.autotest.generated.RegressionTest43" time="0.0"/>
  <testcase name="test2169()" classname="org.autotest.generated.RegressionTest43" time="0.001"/>
  <testcase name="test2170()" classname="org.autotest.generated.RegressionTest43" time="0.001"/>
  <testcase name="test2171()" classname="org.autotest.generated.RegressionTest43" time="0.001"/>
  <testcase name="test2172()" classname="org.autotest.generated.RegressionTest43" time="0.0"/>
  <testcase name="test2173()" classname="org.autotest.generated.RegressionTest43" time="0.0"/>
  <testcase name="test2174()" classname="org.autotest.generated.RegressionTest43" time="0.0"/>
  <testcase name="test2175()" classname="org.autotest.generated.RegressionTest43" time="0.0"/>
  <testcase name="test2176()" classname="org.autotest.generated.RegressionTest43" time="0.0"/>
  <testcase name="test2177()" classname="org.autotest.generated.RegressionTest43" time="0.0"/>
  <testcase name="test2178()" classname="org.autotest.generated.RegressionTest43" time="0.0"/>
  <testcase name="test2179()" classname="org.autotest.generated.RegressionTest43" time="0.0"/>
  <testcase name="test2180()" classname="org.autotest.generated.RegressionTest43" time="0.0"/>
  <testcase name="test2181()" classname="org.autotest.generated.RegressionTest43" time="0.0"/>
  <testcase name="test2182()" classname="org.autotest.generated.RegressionTest43" time="0.0"/>
  <testcase name="test2183()" classname="org.autotest.generated.RegressionTest43" time="0.0"/>
  <testcase name="test2184()" classname="org.autotest.generated.RegressionTest43" time="0.0"/>
  <testcase name="test2185()" classname="org.autotest.generated.RegressionTest43" time="0.0"/>
  <testcase name="test2186()" classname="org.autotest.generated.RegressionTest43" time="0.0"/>
  <testcase name="test2187()" classname="org.autotest.generated.RegressionTest43" time="0.0"/>
  <testcase name="test2188()" classname="org.autotest.generated.RegressionTest43" time="0.0"/>
  <testcase name="test2189()" classname="org.autotest.generated.RegressionTest43" time="0.0"/>
  <testcase name="test2190()" classname="org.autotest.generated.RegressionTest43" time="0.0"/>
  <testcase name="test2191()" classname="org.autotest.generated.RegressionTest43" time="0.0"/>
  <testcase name="test2192()" classname="org.autotest.generated.RegressionTest43" time="0.0"/>
  <testcase name="test2193()" classname="org.autotest.generated.RegressionTest43" time="0.0"/>
  <testcase name="test2194()" classname="org.autotest.generated.RegressionTest43" time="0.0"/>
  <testcase name="test2195()" classname="org.autotest.generated.RegressionTest43" time="0.0"/>
  <testcase name="test2196()" classname="org.autotest.generated.RegressionTest43" time="0.0"/>
  <testcase name="test2197()" classname="org.autotest.generated.RegressionTest43" time="0.0"/>
  <testcase name="test2198()" classname="org.autotest.generated.RegressionTest43" time="0.0"/>
  <testcase name="test2199()" classname="org.autotest.generated.RegressionTest43" time="0.0"/>
  <testcase name="test2200()" classname="org.autotest.generated.RegressionTest43" time="0.0"/>
  <system-out><![CDATA[-> Corriendo tests de RegressionTest43 para la clase: StackAr (Stack original)
-> Corriendo tests de RegressionTest43 para la clase: StackArMutated1308 (ZeroConstantMutator: Se reemplazó 1 por 0 en la línea 15.)
   [X] Falló el test test2157 en la línea 495
-> Corriendo tests de RegressionTest43 para la clase: StackArMutated3806 (NegateConditionsMutator: Se reemplazó == por != en la línea 76.)
   [X] Falló el test test2157 en la línea 460
-> Corriendo tests de RegressionTest43 para la clase: StackArMutated9553 (EmptyReturnsMutator: Se reemplazó result por 0 en la línea 111.)
-> Corriendo tests de RegressionTest43 para la clase: StackArMutated1229 (MathMutator: Se reemplazó + por - en la línea 109.)
-> Corriendo tests de RegressionTest43 para la clase: StackArMutated6879 (MinusOneConstantMutator: Se reemplazó 0 por -1 en la línea 72.)
   [X] Falló el test test2157 en la línea 507
-> Corriendo tests de RegressionTest43 para la clase: StackArMutated9238 (MinusOneConstantMutator: Se reemplazó 10 por -1 en la línea 11.)
-> Corriendo tests de RegressionTest43 para la clase: StackArMutated5549 (IncrementsMutator: Se reemplazó -- por ++ en la línea 93.)
   [X] Falló el test test2157 en la línea 535
-> Corriendo tests de RegressionTest43 para la clase: StackArMutated6514 (TrueReturnsMutator: Se reemplazó size() == 0 por true en la línea 72.)
   [X] Falló el test test2157 en la línea 497
-> Corriendo tests de RegressionTest43 para la clase: StackArMutated3403 (TrueConditionalsMutator: Se reemplazó obj == null por true en la línea 118.)
   [X] Falló el test test2157 en la línea 529
-> Corriendo tests de RegressionTest43 para la clase: StackArMutated8504 (OneConstantMutator: Se reemplazó 0 por 1 en la línea 22.)
-> Corriendo tests de RegressionTest43 para la clase: StackArMutated4104 (ZeroConstantMutator: Se reemplazó 1 por 0 en la línea 108.)
-> Corriendo tests de RegressionTest43 para la clase: StackArMutated1474 (NegateConditionsMutator: Se reemplazó != por == en la línea 125.)
   [X] Falló el test test2157 en la línea 529
-> Corriendo tests de RegressionTest43 para la clase: StackArMutated8304 (FalseReturnsMutator: Se reemplazó size() == 0 por false en la línea 72.)
   [X] Falló el test test2157 en la línea 507
-> Corriendo tests de RegressionTest43 para la clase: StackArMutated4147 (TrueReturnsMutator: Se reemplazó false por true en la línea 119.)
   [X] Falló el test test2157 en la línea 515
-> Corriendo tests de RegressionTest43 para la clase: StackArMutated6563 (FalseConditionalsMutator: Se reemplazó capacity < 0 por false en la línea 22.)
-> Corriendo tests de RegressionTest43 para la clase: StackArMutated3011 (ConditionalsBoundaryMutator: Se reemplazó > por >= en la línea 135.)
   [X] Falló el test test2157 en la línea 530
-> Corriendo tests de RegressionTest43 para la clase: StackArMutated8221 (ZeroConstantMutator: Se reemplazó 1 por 0 en la línea 68.)
   [X] Falló el test test2157 en la línea 497
-> Corriendo tests de RegressionTest43 para la clase: StackArMutated5150 (FalseConditionalsMutator: Se reemplazó !java.util.Arrays.equals(elems, other.elems) por false en la línea 123.)
   [X] Falló el test test2153 en la línea 260
-> Corriendo tests de RegressionTest43 para la clase: StackArMutated68 (MinusOneConstantMutator: Se reemplazó 0 por -1 en la línea 135.)
   [X] Falló el test test2157 en la línea 530
-> Corriendo tests de RegressionTest43 para la clase: StackArMutated9323 (FalseReturnsMutator: Se reemplazó size() == elems.length por false en la línea 76.)
   [X] Falló el test test2166 en la línea 1045
-> Corriendo tests de RegressionTest43 para la clase: StackArMutated3936 (NegateConditionsMutator: Se reemplazó != por == en la línea 120.)
   [X] Falló el test test2157 en la línea 458
-> Corriendo tests de RegressionTest43 para la clase: StackArMutated5757 (FalseConditionalsMutator: Se reemplazó this == obj por false en la línea 116.)
-> Corriendo tests de RegressionTest43 para la clase: StackArMutated3699 (TrueConditionalsMutator: Se reemplazó !java.util.Arrays.equals(elems, other.elems) por true en la línea 123.)
   [X] Falló el test test2157 en la línea 529
-> Corriendo tests de RegressionTest43 para la clase: StackArMutated2842 (NullReturnsMutator: Se reemplazó rv por null en la línea 94.)
   [X] Falló el test test2157 en la línea 525
-> Corriendo tests de RegressionTest43 para la clase: StackArMutated1797 (TrueReturnsMutator: Se reemplazó false por true en la línea 126.)
-> Corriendo tests de RegressionTest43 para la clase: StackArMutated2601 (OneConstantMutator: Se reemplazó 0 por 1 en la línea 135.)
   [X] Falló el test test2157 en la línea 530
-> Corriendo tests de RegressionTest43 para la clase: StackArMutated8868 (ZeroConstantMutator: Se reemplazó 31 por 0 en la línea 107.)
-> Corriendo tests de RegressionTest43 para la clase: StackArMutated8438 (MathMutator: Se reemplazó * por / en la línea 109.)
-> Corriendo tests de RegressionTest43 para la clase: StackArMutated4597 (MathMutator: Se reemplazó + por - en la línea 110.)
-> Corriendo tests de RegressionTest43 para la clase: StackArMutated2255 (FalseConditionalsMutator: Se reemplazó isEmpty() por false en la línea 88.)
-> Corriendo tests de RegressionTest43 para la clase: StackArMutated3301 (FalseConditionalsMutator: Se reemplazó isFull() por false en la línea 80.)
   [X] Falló el test test2156 en la línea 421
-> Corriendo tests de RegressionTest43 para la clase: StackArMutated5048 (FalseConditionalsMutator: Se reemplazó getClass() != obj.getClass() por false en la línea 120.)
   [X] Falló el test test2157 en la línea 458
-> Corriendo tests de RegressionTest43 para la clase: StackArMutated1640 (TrueConditionalsMutator: Se reemplazó this == obj por true en la línea 116.)
   [X] Falló el test test2157 en la línea 503
-> Corriendo tests de RegressionTest43 para la clase: StackArMutated8357 (TrueConditionalsMutator: Se reemplazó capacity < 0 por true en la línea 22.)
   [X] Falló el test test2157 en la línea 457
-> Corriendo tests de RegressionTest43 para la clase: StackArMutated100 (OneConstantMutator: Se reemplazó 0 por 1 en la línea 72.)
   [X] Falló el test test2157 en la línea 497
-> Corriendo tests de RegressionTest43 para la clase: StackArMutated8598 (OneConstantMutator: Se reemplazó 31 por 1 en la línea 107.)
-> Corriendo tests de RegressionTest43 para la clase: StackArMutated8310 (MathMutator: Se reemplazó + por - en la línea 68.)
   [X] Falló el test test2157 en la línea 507
-> Corriendo tests de RegressionTest43 para la clase: StackArMutated79 (TrueConditionalsMutator: Se reemplazó getClass() != obj.getClass() por true en la línea 120.)
   [X] Falló el test test2157 en la línea 529
-> Corriendo tests de RegressionTest43 para la clase: StackArMutated1969 (TrueConditionalsMutator: Se reemplazó isEmpty() por true en la línea 88.)
   [X] Falló el test test2157 en la línea 497
-> Corriendo tests de RegressionTest43 para la clase: StackArMutated5806 (TrueConditionalsMutator: Se reemplazó isFull() por true en la línea 80.)
   [X] Falló el test test2157 en la línea 460
-> Corriendo tests de RegressionTest43 para la clase: StackArMutated1647 (EmptyReturnsMutator: Se reemplazó readIndex + 1 por 0 en la línea 68.)
   [X] Falló el test test2157 en la línea 497
-> Corriendo tests de RegressionTest43 para la clase: StackArMutated4678 (TrueReturnsMutator: Se reemplazó false por true en la línea 124.)
   [X] Falló el test test2157 en la línea 508
-> Corriendo tests de RegressionTest43 para la clase: StackArMutated7868 (TrueConditionalsMutator: Se reemplazó readIndex != other.readIndex por true en la línea 125.)
   [X] Falló el test test2157 en la línea 529
-> Corriendo tests de RegressionTest43 para la clase: StackArMutated6855 (MinusOneConstantMutator: Se reemplazó 1 por -1 en la línea 68.)
   [X] Falló el test test2157 en la línea 507
-> Corriendo tests de RegressionTest43 para la clase: StackArMutated9934 (MinusOneConstantMutator: Se reemplazó 0 por -1 en la línea 22.)
-> Corriendo tests de RegressionTest43 para la clase: StackArMutated8328 (NegateConditionsMutator: Se reemplazó <= por > en la línea 134.)
   [X] Falló el test test2157 en la línea 459
-> Corriendo tests de RegressionTest43 para la clase: StackArMutated1296 (ZeroConstantMutator: Se reemplazó 10 por 0 en la línea 11.)
-> Corriendo tests de RegressionTest43 para la clase: StackArMutated775 (IncrementsMutator: Se reemplazó ++ por -- en la línea 83.)
   [X] Falló el test test2157 en la línea 460
-> Corriendo tests de RegressionTest43 para la clase: StackArMutated1494 (MinusOneConstantMutator: Se reemplazó 0 por -1 en la línea 134.)
   [X] Falló el test test2157 en la línea 459
-> Corriendo tests de RegressionTest43 para la clase: StackArMutated6029 (MathMutator: Se reemplazó * por / en la línea 110.)
-> Corriendo tests de RegressionTest43 para la clase: StackArMutated411 (MinusOneConstantMutator: Se reemplazó 31 por -1 en la línea 107.)
-> Corriendo tests de RegressionTest43 para la clase: StackArMutated6466 (FalseConditionalsMutator: Se reemplazó readIndex != other.readIndex por false en la línea 125.)
-> Corriendo tests de RegressionTest43 para la clase: StackArMutated3873 (TrueConditionalsMutator: Se reemplazó i > 0 por true en la línea 135.)
   [X] Falló el test test2157 en la línea 530
-> Corriendo tests de RegressionTest43 para la clase: StackArMutated6422 (NegateConditionsMutator: Se reemplazó < por >= en la línea 22.)
   [X] Falló el test test2157 en la línea 457
-> Corriendo tests de RegressionTest43 para la clase: StackArMutated8325 (NegateConditionsMutator: Se reemplazó == por != en la línea 118.)
   [X] Falló el test test2157 en la línea 482
-> Corriendo tests de RegressionTest43 para la clase: StackArMutated4488 (NegateConditionsMutator: Se reemplazó == por != en la línea 72.)
   [X] Falló el test test2157 en la línea 497
-> Corriendo tests de RegressionTest43 para la clase: StackArMutated5210 (NullReturnsMutator: Se reemplazó rv por null en la línea 102.)
   [X] Falló el test test2157 en la línea 525
-> Corriendo tests de RegressionTest43 para la clase: StackArMutated7114 (ConditionalsBoundaryMutator: Se reemplazó < por <= en la línea 22.)
-> Corriendo tests de RegressionTest43 para la clase: StackArMutated7310 (IncrementsMutator: Se reemplazó ++ por -- en la línea 134.)
   [X] Falló el test test2157 en la línea 500
-> Corriendo tests de RegressionTest43 para la clase: StackArMutated2185 (NegateConditionsMutator: Se reemplazó == por != en la línea 116.)
   [X] Falló el test test2157 en la línea 503
-> Corriendo tests de RegressionTest43 para la clase: StackArMutated8163 (MinusOneConstantMutator: Se reemplazó 1 por -1 en la línea 108.)
-> Corriendo tests de RegressionTest43 para la clase: StackArMutated4369 (TrueReturnsMutator: Se reemplazó size() == elems.length por true en la línea 76.)
   [X] Falló el test test2157 en la línea 460
-> Corriendo tests de RegressionTest43 para la clase: StackArMutated3599 (OneConstantMutator: Se reemplazó 0 por 1 en la línea 134.)
   [X] Falló el test test2157 en la línea 530
-> Corriendo tests de RegressionTest43 para la clase: StackArMutated7517 (FalseReturnsMutator: Se reemplazó true por false en la línea 127.)
   [X] Falló el test test2157 en la línea 529
-> Corriendo tests de RegressionTest43 para la clase: StackArMutated4327 (FalseReturnsMutator: Se reemplazó true por false en la línea 117.)
-> Corriendo tests de RegressionTest43 para la clase: StackArMutated3359 (TrueReturnsMutator: Se reemplazó false por true en la línea 121.)
   [X] Falló el test test2157 en la línea 503
-> Corriendo tests de RegressionTest43 para la clase: StackArMutated6238 (EmptyReturnsMutator: Se reemplazó b.toString() por "" en la línea 143.)
   [X] Falló el test test2157 en la línea 504
-> Corriendo tests de RegressionTest43 para la clase: StackArMutated5666 (FalseConditionalsMutator: Se reemplazó isEmpty() por false en la línea 98.)
   [X] Falló el test test2153 en la línea 236
-> Corriendo tests de RegressionTest43 para la clase: StackArMutated1101 (OneConstantMutator: Se reemplazó 10 por 1 en la línea 11.)
-> Corriendo tests de RegressionTest43 para la clase: StackArMutated2271 (FalseConditionalsMutator: Se reemplazó obj == null por false en la línea 118.)
   [X] Falló el test test2157 en la línea 482
-> Corriendo tests de RegressionTest43 para la clase: StackArMutated2593 (ConditionalsBoundaryMutator: Se reemplazó <= por < en la línea 134.)
   [X] Falló el test test2157 en la línea 530
-> Corriendo tests de RegressionTest43 para la clase: StackArMutated4176 (TrueConditionalsMutator: Se reemplazó isEmpty() por true en la línea 98.)
   [X] Falló el test test2157 en la línea 497
-> Corriendo tests de RegressionTest43 para la clase: StackArMutated6073 (NegateConditionsMutator: Se reemplazó > por <= en la línea 135.)
   [X] Falló el test test2157 en la línea 530
-> Corriendo tests de RegressionTest43 para la clase: StackArMutated404 (FalseConditionalsMutator: Se reemplazó i > 0 por false en la línea 135.)
   [X] Falló el test test2157 en la línea 530
-> Mutantes generados: 74
-> Mutantes eliminados: 52
    - StackArMutated3359 (TrueReturnsMutator: Se reemplazó false por true en la línea 121.)
    - StackArMutated7517 (FalseReturnsMutator: Se reemplazó true por false en la línea 127.)
    - StackArMutated8328 (NegateConditionsMutator: Se reemplazó <= por > en la línea 134.)
    - StackArMutated1494 (MinusOneConstantMutator: Se reemplazó 0 por -1 en la línea 134.)
    - StackArMutated4488 (NegateConditionsMutator: Se reemplazó == por != en la línea 72.)
    - StackArMutated2185 (NegateConditionsMutator: Se reemplazó == por != en la línea 116.)
    - StackArMutated4369 (TrueReturnsMutator: Se reemplazó size() == elems.length por true en la línea 76.)
    - StackArMutated3599 (OneConstantMutator: Se reemplazó 0 por 1 en la línea 134.)
    - StackArMutated3873 (TrueConditionalsMutator: Se reemplazó i > 0 por true en la línea 135.)
    - StackArMutated8325 (NegateConditionsMutator: Se reemplazó == por != en la línea 118.)
    - StackArMutated5210 (NullReturnsMutator: Se reemplazó rv por null en la línea 102.)
    - StackArMutated7310 (IncrementsMutator: Se reemplazó ++ por -- en la línea 134.)
    - StackArMutated6422 (NegateConditionsMutator: Se reemplazó < por >= en la línea 22.)
    - StackArMutated2271 (FalseConditionalsMutator: Se reemplazó obj == null por false en la línea 118.)
    - StackArMutated6073 (NegateConditionsMutator: Se reemplazó > por <= en la línea 135.)
    - StackArMutated5806 (TrueConditionalsMutator: Se reemplazó isFull() por true en la línea 80.)
    - StackArMutated4678 (TrueReturnsMutator: Se reemplazó false por true en la línea 124.)
    - StackArMutated7868 (TrueConditionalsMutator: Se reemplazó readIndex != other.readIndex por true en la línea 125.)
    - StackArMutated1647 (EmptyReturnsMutator: Se reemplazó readIndex + 1 por 0 en la línea 68.)
    - StackArMutated5048 (FalseConditionalsMutator: Se reemplazó getClass() != obj.getClass() por false en la línea 120.)
    - StackArMutated6855 (MinusOneConstantMutator: Se reemplazó 1 por -1 en la línea 68.)
    - StackArMutated1640 (TrueConditionalsMutator: Se reemplazó this == obj por true en la línea 116.)
    - StackArMutated8357 (TrueConditionalsMutator: Se reemplazó capacity < 0 por true en la línea 22.)
    - StackArMutated3301 (FalseConditionalsMutator: Se reemplazó isFull() por false en la línea 80.)
    - StackArMutated9323 (FalseReturnsMutator: Se reemplazó size() == elems.length por false en la línea 76.)
    - StackArMutated404 (FalseConditionalsMutator: Se reemplazó i > 0 por false en la línea 135.)
    - StackArMutated1969 (TrueConditionalsMutator: Se reemplazó isEmpty() por true en la línea 88.)
    - StackArMutated68 (MinusOneConstantMutator: Se reemplazó 0 por -1 en la línea 135.)
    - StackArMutated2601 (OneConstantMutator: Se reemplazó 0 por 1 en la línea 135.)
    - StackArMutated2842 (NullReturnsMutator: Se reemplazó rv por null en la línea 94.)
    - StackArMutated3699 (TrueConditionalsMutator: Se reemplazó !java.util.Arrays.equals(elems, other.elems) por true en la línea 123.)
    - StackArMutated3936 (NegateConditionsMutator: Se reemplazó != por == en la línea 120.)
    - StackArMutated4147 (TrueReturnsMutator: Se reemplazó false por true en la línea 119.)
    - StackArMutated3011 (ConditionalsBoundaryMutator: Se reemplazó > por >= en la línea 135.)
    - StackArMutated8304 (FalseReturnsMutator: Se reemplazó size() == 0 por false en la línea 72.)
    - StackArMutated775 (IncrementsMutator: Se reemplazó ++ por -- en la línea 83.)
    - StackArMutated1474 (NegateConditionsMutator: Se reemplazó != por == en la línea 125.)
    - StackArMutated8310 (MathMutator: Se reemplazó + por - en la línea 68.)
    - StackArMutated79 (TrueConditionalsMutator: Se reemplazó getClass() != obj.getClass() por true en la línea 120.)
    - StackArMutated3403 (TrueConditionalsMutator: Se reemplazó obj == null por true en la línea 118.)
    - StackArMutated6879 (MinusOneConstantMutator: Se reemplazó 0 por -1 en la línea 72.)
    - StackArMutated1308 (ZeroConstantMutator: Se reemplazó 1 por 0 en la línea 15.)
    - StackArMutated5549 (IncrementsMutator: Se reemplazó -- por ++ en la línea 93.)
    - StackArMutated2593 (ConditionalsBoundaryMutator: Se reemplazó <= por < en la línea 134.)
    - StackArMutated6514 (TrueReturnsMutator: Se reemplazó size() == 0 por true en la línea 72.)
    - StackArMutated5666 (FalseConditionalsMutator: Se reemplazó isEmpty() por false en la línea 98.)
    - StackArMutated6238 (EmptyReturnsMutator: Se reemplazó b.toString() por "" en la línea 143.)
    - StackArMutated4176 (TrueConditionalsMutator: Se reemplazó isEmpty() por true en la línea 98.)
    - StackArMutated8221 (ZeroConstantMutator: Se reemplazó 1 por 0 en la línea 68.)
    - StackArMutated5150 (FalseConditionalsMutator: Se reemplazó !java.util.Arrays.equals(elems, other.elems) por false en la línea 123.)
    - StackArMutated100 (OneConstantMutator: Se reemplazó 0 por 1 en la línea 72.)
    - StackArMutated3806 (NegateConditionsMutator: Se reemplazó == por != en la línea 76.)
-> Mutantes vivos: 22
    - StackArMutated4327 (FalseReturnsMutator: Se reemplazó true por false en la línea 117.)
    - StackArMutated9934 (MinusOneConstantMutator: Se reemplazó 0 por -1 en la línea 22.)
    - StackArMutated1296 (ZeroConstantMutator: Se reemplazó 10 por 0 en la línea 11.)
    - StackArMutated6029 (MathMutator: Se reemplazó * por / en la línea 110.)
    - StackArMutated6466 (FalseConditionalsMutator: Se reemplazó readIndex != other.readIndex por false en la línea 125.)
    - StackArMutated7114 (ConditionalsBoundaryMutator: Se reemplazó < por <= en la línea 22.)
    - StackArMutated8438 (MathMutator: Se reemplazó * por / en la línea 109.)
    - StackArMutated4597 (MathMutator: Se reemplazó + por - en la línea 110.)
    - StackArMutated2255 (FalseConditionalsMutator: Se reemplazó isEmpty() por false en la línea 88.)
    - StackArMutated8598 (OneConstantMutator: Se reemplazó 31 por 1 en la línea 107.)
    - StackArMutated8163 (MinusOneConstantMutator: Se reemplazó 1 por -1 en la línea 108.)
    - StackArMutated1797 (TrueReturnsMutator: Se reemplazó false por true en la línea 126.)
    - StackArMutated5757 (FalseConditionalsMutator: Se reemplazó this == obj por false en la línea 116.)
    - StackArMutated8504 (OneConstantMutator: Se reemplazó 0 por 1 en la línea 22.)
    - StackArMutated8868 (ZeroConstantMutator: Se reemplazó 31 por 0 en la línea 107.)
    - StackArMutated4104 (ZeroConstantMutator: Se reemplazó 1 por 0 en la línea 108.)
    - StackArMutated6563 (FalseConditionalsMutator: Se reemplazó capacity < 0 por false en la línea 22.)
    - StackArMutated9238 (MinusOneConstantMutator: Se reemplazó 10 por -1 en la línea 11.)
    - StackArMutated411 (MinusOneConstantMutator: Se reemplazó 31 por -1 en la línea 107.)
    - StackArMutated1229 (MathMutator: Se reemplazó + por - en la línea 109.)
    - StackArMutated1101 (OneConstantMutator: Se reemplazó 10 por 1 en la línea 11.)
    - StackArMutated9553 (EmptyReturnsMutator: Se reemplazó result por 0 en la línea 111.)
-> Mutation score: 70%
]]></system-out>
  <system-err><![CDATA[[Test worker] INFO org.reflections.Reflections - Reflections took 6 ms to scan 1 urls, producing 1 keys and 74 values
]]></system-err>
</testsuite>
