<?xml version="1.0" encoding="UTF-8"?>
<testsuite name="inge2.dataflow.TallerTest" tests="1" skipped="0" failures="0" errors="0" timestamp="2024-08-19T23:16:16" hostname="archlinux" time="0.582">
  <properties/>
  <testcase name="testTarget6()" classname="inge2.dataflow.TallerTest" time="0.582"/>
  <system-out><![CDATA[Soot started on Mon Aug 19 20:16:16 ART 2024
Soot finished on Mon Aug 19 20:16:16 ART 2024
Soot has run for 0 min. 0 sec.
]]></system-out>
  <system-err><![CDATA[]]></system-err>
</testsuite>
